<?xml version="1.0" encoding="UTF-8"?>
<testsuite name="com.mpos.lottery.te.gameimpl.magic100.sale.Magic100SaleCancellationIntegrationTest" tests="5" skipped="0" failures="0" errors="0" timestamp="2015-05-29T09:13:34" hostname="Ramon-PC" time="1.003">
  <properties/>
  <testcase name="testCancelByTrans_WinningSale" classname="com.mpos.lottery.te.gameimpl.magic100.sale.Magic100SaleCancellationIntegrationTest" time="0.19"/>
  <testcase name="testCancelByTicket_WinningSale" classname="com.mpos.lottery.te.gameimpl.magic100.sale.Magic100SaleCancellationIntegrationTest" time="0.185"/>
  <testcase name="testCancelByTicket_WinningSale_BuyAgain" classname="com.mpos.lottery.te.gameimpl.magic100.sale.Magic100SaleCancellationIntegrationTest" time="0.246"/>
  <testcase name="testCancelByTicket_WinningSale_Operator_UseParent" classname="com.mpos.lottery.te.gameimpl.magic100.sale.Magic100SaleCancellationIntegrationTest" time="0.207"/>
  <testcase name="testCancelByTicket_WinningSale_Manually" classname="com.mpos.lottery.te.gameimpl.magic100.sale.Magic100SaleCancellationIntegrationTest" time="0.173"/>
  <system-out><![CDATA[[2015-05-29 17:13:34,515][Test worker][DEBUG][TEPortServlet] Startup job scheduer(org.quartz.impl.StdScheduler@4d1e5820) successfully.
[2015-05-29 17:13:34,516][Test worker][WARN ][TEPortServlet] can NOT find META file:F:\project\M.Lottery\TE\TRUNK_TE\sourcecode\build\classes\main\META-INF\MANIFEST.MF
[2015-05-29 17:13:34,516][Test worker][DEBUG][TEPortServlet] Register MBean(com.mpos.lottery.te.common.jmx.TransactionTimeout@3fe815af) with name(com.mpos.lottery.te:type=TransactionTimeoutMBean) successfully.
[2015-05-29 17:13:34,516][Test worker][DEBUG][BaseTransactionalIntegrationTest] Retrieve a ApplicationContext(org.springframework.web.context.support.GenericWebApplicationContext@34f645a8: startup date [Fri May 29 17:12:38 CST 2015]; root of context hierarchy).
[2015-05-29 17:13:34,517][Test worker][INFO ][BaseTransactionalIntegrationTest] +------------------------------------------------------------------------------------------------------------------------+
[2015-05-29 17:13:34,517][Test worker][INFO ][BaseTransactionalIntegrationTest] | Magic100SaleCancellationIntegrationTest.testCancelByTrans_WinningSale                                                  |
[2015-05-29 17:13:34,517][Test worker][INFO ][BaseTransactionalIntegrationTest] +------------------------------------------------------------------------------------------------------------------------+
[2015-05-29 17:13:34,522][Test worker][DEBUG][MLotteryContext] find mapping file definition(xml-mapping/game/magic100/SellTicket_Req.xml) by key(18.transtype.200).
[2015-05-29 17:13:34,522][Test worker][DEBUG][CastorHelper] Finish marshaling input(typeclass com.mpos.lottery.te.gameimpl.magic100.sale.Magic100Ticket, mappingFile=xml-mapping/game/magic100/SellTicket_Req.xml).
[2015-05-29 17:13:34,523][Test worker][DEBUG][BaseServletIntegrationTest] Do MAC(key=P2Bbo6+bSSR9O2Qc89f3b4oHTyE1V2gF) on (Protocal-Version:1.5|GPE_Id:GPE-111|Terminal-Id:111|Operator-Id:OPERATOR-111|Trans-BatchNumber:20150529|TractMsg-Id:1432890814522|Timestamp:20150529171334|Transaction-Type:200|Transaction-Id:|Response-Code:|<?xml version="1.0" encoding="UTF-8"?>
<Ticket multipleDraws="1" totalAmount="300.0" PIN="!!!!"><GameDraw number="001" gameId="LK-1"/><Entry selectedNumber="PLAY" betOption="1" inputChannel="0" totalBets="3"/><User mobile="138000138000"/></Ticket>,hash=-583405100), get digest:650de964c17bd1c7e98424f043361628
[2015-05-29 17:13:34,523][Test worker][DEBUG][TEPortServlet] Got request header(name=X-Transaction-Type, value=200).
[2015-05-29 17:13:34,523][Test worker][DEBUG][TEPortServlet] Got request header(name=X-Protocal-Version, value=1.5).
[2015-05-29 17:13:34,523][Test worker][DEBUG][TEPortServlet] Got request header(name=X-Timestamp, value=20150529171334).
[2015-05-29 17:13:34,523][Test worker][DEBUG][TEPortServlet] Got request header(name=X-GPE-Id, value=GPE-111).
[2015-05-29 17:13:34,523][Test worker][DEBUG][TEPortServlet] Got request header(name=X-Trace-Message-Id, value=1432890814522).
[2015-05-29 17:13:34,523][Test worker][DEBUG][TEPortServlet] Got request header(name=X-Operator-Id, value=OPERATOR-111).
[2015-05-29 17:13:34,523][Test worker][DEBUG][TEPortServlet] Got request header(name=X-Terminal-Id, value=111).
[2015-05-29 17:13:34,523][Test worker][DEBUG][TEPortServlet] Got request header(name=X-MAC, value=650de964c17bd1c7e98424f043361628).
[2015-05-29 17:13:34,523][Test worker][DEBUG][TEPortServlet] Got request header(name=X-Game-Type-Id, value=18).
[2015-05-29 17:13:34,523][Test worker][DEBUG][TEPortServlet] Got request header(name=X-Trans-BatchNumber, value=20150529).
[2015-05-29 17:13:34,523][Test worker][DEBUG][TEPortServlet] Got request header(name=X-GPS-Location, value=40.714353,-74.005973).
[2015-05-29 17:13:34,525][Test worker][DEBUG][TEPortServlet] Got request from localhost, and the message body is:pq3FqO8HCcAnaobA+xpVnADmrnwj1vrK59BGhqvtskYFWTsa2cbe6vvj1C28m6E+ybhcq2GHfnfSvzUuvi5gIW+x7OzQghYnuO2taDRjXWCxHHHe4Qt36fAfFB33rSVDACrbWnPg/DemXvJASO7iCLuAO4gyCEnDo0YmXYatjtvx/4vawF5fmKvcy6y3OGpne4KYTTRzaz+rF0MDrXB++dOTvd5Fn6AkBiVVDSSby3fO4ETpZWFpBI2KUCNpMdGMU5l6EM+5IolpRDkWHrNZPUabJ+SyUo2qmTSgiOa5rwtdKi3DsJ+KQz7CwuaOvv+AitkgcNKdy64=.
[2015-05-29 17:13:34,525][Test worker][DEBUG][ProtocolSerializer] Start to deserialize request context(Protocal-Version:1.5|GPE_Id:GPE-111|Terminal-Id:111|Operator-Id:OPERATOR-111|Trans-BatchNumber:20150529|TractMsg-Id:1432890814522|Timestamp:20150529171334|Transaction-Type:200|Transaction-Id:|Response-Code:|).
[2015-05-29 17:13:34,525][Test worker][DEBUG][ProtocolSerializer] Finish decrypting cipher into original xml:<?xml version="1.0" encoding="UTF-8"?>
<Ticket multipleDraws="1" totalAmount="300.0" PIN="!!!!"><GameDraw number="001" gameId="LK-1"/><Entry selectedNumber="PLAY" betOption="1" inputChannel="0" totalBets="3"/><User mobile="138000138000"/></Ticket>
[2015-05-29 17:13:34,525][Test worker][DEBUG][ProtocolSerializer] Start to do MAC(key=P2Bbo6+bSSR9O2Qc89f3b4oHTyE1V2gF) on (Protocal-Version:1.5|GPE_Id:GPE-111|Terminal-Id:111|Operator-Id:OPERATOR-111|Trans-BatchNumber:20150529|TractMsg-Id:1432890814522|Timestamp:20150529171334|Transaction-Type:200|Transaction-Id:|Response-Code:|<?xml version="1.0" encoding="UTF-8"?>
<Ticket multipleDraws="1" totalAmount="300.0" PIN="!!!!"><GameDraw number="001" gameId="LK-1"/><Entry selectedNumber="PLAY" betOption="1" inputChannel="0" totalBets="3"/><User mobile="138000138000"/></Ticket>,hash=-583405100), get digest:650de964c17bd1c7e98424f043361628
[2015-05-29 17:13:34,525][Test worker][DEBUG][MLotteryContext] find mapping file definition(xml-mapping/game/magic100/SellTicket_Req.xml) by key(18.transtype.200).
[2015-05-29 17:13:34,525][Test worker][DEBUG][ProtocolSerializer] Start to deserialize model: model=null,mappingFile=xml-mapping/game/magic100/SellTicket_Req.xml
[2015-05-29 17:13:34,526][Test worker][DEBUG][MLotteryContext] find mapping file definition(xml-mapping/game/magic100/SellTicket_Req.xml) by key(18.transtype.200).
[2015-05-29 17:13:34,540][Test worker][DEBUG][RoutineRegistry] Try to lookup handler by routine key(18_200_1.5.0).
[2015-05-29 17:13:34,540][Test worker][DEBUG][RoutineRegistry] Try to lookup handler by routine key(18_200_).
[2015-05-29 17:13:34,540][Test worker][DEBUG][RoutineRegistry] Lookup controller by key(18_200_), found controller(com.mpos.lottery.te.gameimpl.magic100.Magic100Controller@7081c100) and method(public void com.mpos.lottery.te.gameimpl.magic100.Magic100Controller.sell(com.mpos.lottery.te.port.Context,com.mpos.lottery.te.port.Context) throws com.mpos.lottery.te.config.exception.ApplicationException).
[2015-05-29 17:13:34,548][Test worker][INFO ][AbstractGameInstanceService] No channel game instance time definiton found, ignore it.
[2015-05-29 17:13:34,549][Test worker][DEBUG][UUIDServiceImpl] Assemble a new ticket serial number:01111745819300013572
[2015-05-29 17:13:34,560][Test worker][DEBUG][DefaultLuckyNumberService] Use lucky number from REQUEUED RANGE(id=2) instead of main cycle.
[2015-05-29 17:13:34,561][Test worker][DEBUG][DefaultTicketValidator] THe max allowed multi-draw of operation parameter is 10, merchant limit to 3, the smaller 3 will be used.
[2015-05-29 17:13:34,576][Test worker][DEBUG][DefaultBalanceService] Operator before transaction -  Operator [id=OPERATOR-111, loginName=OPERATOR-LOGIN, creditType=1, saleCreditLevel=200000000, payoutCreditLevel=1000, cashoutBalance=0, commisionBalance=0]
[2015-05-29 17:13:34,576][Test worker][DEBUG][DefaultBalanceService] Found balance strategy:com.mpos.lottery.te.merchant.service.balance.PayoutBalanceStrategy@57df81d2
[2015-05-29 17:13:34,576][Test worker][DEBUG][DefaultBalanceService] Operator after transaction -  Operator [id=OPERATOR-111, loginName=OPERATOR-LOGIN, creditType=1, saleCreditLevel=200000000, payoutCreditLevel=2000, cashoutBalance=0, commisionBalance=0]
[2015-05-29 17:13:34,587][Test worker][DEBUG][DefaultBalanceService] Operator before transaction -  Operator [id=OPERATOR-111, loginName=OPERATOR-LOGIN, creditType=1, saleCreditLevel=200000000, payoutCreditLevel=2000, cashoutBalance=0, commisionBalance=200]
[2015-05-29 17:13:34,587][Test worker][DEBUG][DefaultBalanceService] Found balance strategy:com.mpos.lottery.te.merchant.service.balance.SaleBalanceStrategy@e1f8aba
[2015-05-29 17:13:34,587][Test worker][DEBUG][DefaultBalanceService] Operator after transaction -  Operator [id=OPERATOR-111, loginName=OPERATOR-LOGIN, creditType=1, saleCreditLevel=199999700.0, payoutCreditLevel=2000, cashoutBalance=0, commisionBalance=200]
[2015-05-29 17:13:34,597][Test worker][DEBUG][CommonFacadeService] Prepare to publish message to exchange[TE.200] with routing key[TE.200.18]: transaction {
  id: "0115052900000000001754"
  dev_id: "111"
  operator_id: "OPERATOR-111"
  merchant_id: "111"
  create_time: 1432890814000
  trans_type: 200
  game_id: "LK-1"
  game_type: 18
  total_amount: "300.0"
}
multi_draw: 1
total_amount: "300.0"
serial_no: "y013eOifYgIYr8cogzQpk/EsJ4dKLxTT"
game_instance {
  id: "GII-111"
}
entries {
  selected_number: "6"
  bet_option: 1
  total_bets: 1
  entry_amount: "100"
  input_channel: "0"
}
entries {
  selected_number: "7"
  bet_option: 1
  total_bets: 1
  entry_amount: "100"
  input_channel: "0"
}
entries {
  selected_number: "8"
  bet_option: 1
  total_bets: 1
  entry_amount: "100"
  input_channel: "0"
}

[2015-05-29 17:13:34,597][Test worker][DEBUG][CommonFacadeService] Publish message successfully
[2015-05-29 17:13:34,597][Test worker][DEBUG][MLotteryContext] find mapping file definition(xml-mapping/game/magic100/SellTicket_Res.xml) by key(18.transtype.4200).
[2015-05-29 17:13:34,597][Test worker][DEBUG][ProtocolSerializer] Start to serialize model(class com.mpos.lottery.te.gameimpl.magic100.sale.Magic100Ticket),mappingFile=xml-mapping/game/magic100/SellTicket_Res.xml
[2015-05-29 17:13:34,597][Test worker][DEBUG][MLotteryContext] find mapping file definition(xml-mapping/game/magic100/SellTicket_Res.xml) by key(18.transtype.4200).
[2015-05-29 17:13:34,598][Test worker][DEBUG][CastorHelper] Finish marshaling input(typeclass com.mpos.lottery.te.gameimpl.magic100.sale.Magic100Ticket, mappingFile=xml-mapping/game/magic100/SellTicket_Res.xml).
[2015-05-29 17:13:34,598][Test worker][DEBUG][ProtocolSerializer] Finish mac(macKey=P2Bbo6+bSSR9O2Qc89f3b4oHTyE1V2gF,macString=Protocal-Version:1.5|GPE_Id:GPE-111|Terminal-Id:111|Operator-Id:OPERATOR-111|Trans-BatchNumber:20150529|TractMsg-Id:1432890814522|Timestamp:20150529171334|Transaction-Type:4200|Transaction-Id:0115052900000000001754|Response-Code:200|<?xml version="1.0" encoding="UTF-8"?>
<Ticket serialNo="01111745819300013572" barcode="18cK/u9hwZY2Rogq4k24Oeg4G3HSlAl9EbjLdf+UJJlt9Se2CWmp8xas1YeK2m7FOQjUcy3NteVeM=" validationCode="297631" type="1" multipleDraws="1" lastDrawNo="001" totalBets="3" totalAmount="300.00" isWinning="1"><GameDraw number="001" gameId="LK-1"/><Entry selectedNumber="6" betOption="1" inputChannel="0" isWinning="0" prizeAmount="0" taxAmount="0" entryAmount="100"/><Entry selectedNumber="7" betOption="1" inputChannel="0" isWinning="0" prizeAmount="0" taxAmount="0" entryAmount="100"/><Entry selectedNumber="8" betOption="1" inputChannel="0" isWinning="1" prizeAmount="1000" taxAmount="0" entryAmount="100"/></Ticket>):34ef537790d9a197b24e6c788682981d
[2015-05-29 17:13:34,599][Test worker][DEBUG][TEPortServlet] Write response to client(host1=localhost,sizeOfPack=928) succesfully.
[2015-05-29 17:13:34,599][Test worker][DEBUG][BaseServletIntegrationTest] Got response(code=200,length=928): <?xml version="1.0" encoding="UTF-8"?>
<Ticket serialNo="01111745819300013572" barcode="18cK/u9hwZY2Rogq4k24Oeg4G3HSlAl9EbjLdf+UJJlt9Se2CWmp8xas1YeK2m7FOQjUcy3NteVeM=" validationCode="297631" type="1" multipleDraws="1" lastDrawNo="001" totalBets="3" totalAmount="300.00" isWinning="1"><GameDraw number="001" gameId="LK-1"/><Entry selectedNumber="6" betOption="1" inputChannel="0" isWinning="0" prizeAmount="0" taxAmount="0" entryAmount="100"/><Entry selectedNumber="7" betOption="1" inputChannel="0" isWinning="0" prizeAmount="0" taxAmount="0" entryAmount="100"/><Entry selectedNumber="8" betOption="1" inputChannel="0" isWinning="1" prizeAmount="1000" taxAmount="0" entryAmount="100"/></Ticket>
[2015-05-29 17:13:34,599][Test worker][DEBUG][MLotteryContext] find mapping file definition(xml-mapping/game/magic100/SellTicket_Res.xml) by key(18.transtype.4200).
[2015-05-29 17:13:34,603][Test worker][DEBUG][MLotteryContext] find mapping file definition(xml-mapping/TransactionEnquiry_Req.xml) by key(transtype.206).
[2015-05-29 17:13:34,604][Test worker][DEBUG][CastorHelper] Finish marshaling input(typeclass com.mpos.lottery.te.trans.domain.Transaction, mappingFile=xml-mapping/TransactionEnquiry_Req.xml).
[2015-05-29 17:13:34,604][Test worker][DEBUG][BaseServletIntegrationTest] Do MAC(key=P2Bbo6+bSSR9O2Qc89f3b4oHTyE1V2gF) on (Protocal-Version:1.5|GPE_Id:GPE-111|Terminal-Id:111|Operator-Id:OPERATOR-111|Trans-BatchNumber:20150529|TractMsg-Id:1432890814603|Timestamp:20150529171334|Transaction-Type:206|Transaction-Id:|Response-Code:|<?xml version="1.0" encoding="UTF-8"?>
<Transaction terminalId="111" traceMessageId="1432890814522"/>,hash=2104697009), get digest:6b750ee979280918373bd2e81dfcfbc0
[2015-05-29 17:13:34,604][Test worker][DEBUG][TEPortServlet] Got request header(name=X-Transaction-Type, value=206).
[2015-05-29 17:13:34,604][Test worker][DEBUG][TEPortServlet] Got request header(name=X-Protocal-Version, value=1.5).
[2015-05-29 17:13:34,605][Test worker][DEBUG][TEPortServlet] Got request header(name=X-Timestamp, value=20150529171334).
[2015-05-29 17:13:34,605][Test worker][DEBUG][TEPortServlet] Got request header(name=X-GPE-Id, value=GPE-111).
[2015-05-29 17:13:34,605][Test worker][DEBUG][TEPortServlet] Got request header(name=X-Trace-Message-Id, value=1432890814603).
[2015-05-29 17:13:34,605][Test worker][DEBUG][TEPortServlet] Got request header(name=X-Operator-Id, value=OPERATOR-111).
[2015-05-29 17:13:34,605][Test worker][DEBUG][TEPortServlet] Got request header(name=X-Terminal-Id, value=111).
[2015-05-29 17:13:34,605][Test worker][DEBUG][TEPortServlet] Got request header(name=X-MAC, value=6b750ee979280918373bd2e81dfcfbc0).
[2015-05-29 17:13:34,605][Test worker][DEBUG][TEPortServlet] Got request header(name=X-Game-Type-Id, value=-1).
[2015-05-29 17:13:34,605][Test worker][DEBUG][TEPortServlet] Got request header(name=X-Trans-BatchNumber, value=20150529).
[2015-05-29 17:13:34,605][Test worker][DEBUG][TEPortServlet] Got request header(name=X-GPS-Location, value=40.714353,-74.005973).
[2015-05-29 17:13:34,606][Test worker][DEBUG][TEPortServlet] Got request from localhost, and the message body is:pq3FqO8HCcAnaobA+xpVnADmrnwj1vrK59BGhqvtskYFWTsa2cbe6jcIE4b0pl+ogrA4SMNVUFtCb0VnctvqFZ4g+Dv1D5Fz4ERoX4gVmzFJ1yZK27DdH1IdxWhhzQkjYlX80eCLbwg=.
[2015-05-29 17:13:34,606][Test worker][DEBUG][ProtocolSerializer] Start to deserialize request context(Protocal-Version:1.5|GPE_Id:GPE-111|Terminal-Id:111|Operator-Id:OPERATOR-111|Trans-BatchNumber:20150529|TractMsg-Id:1432890814603|Timestamp:20150529171334|Transaction-Type:206|Transaction-Id:|Response-Code:|).
[2015-05-29 17:13:34,607][Test worker][DEBUG][ProtocolSerializer] Finish decrypting cipher into original xml:<?xml version="1.0" encoding="UTF-8"?>
<Transaction terminalId="111" traceMessageId="1432890814522"/>
[2015-05-29 17:13:34,607][Test worker][DEBUG][ProtocolSerializer] Start to do MAC(key=P2Bbo6+bSSR9O2Qc89f3b4oHTyE1V2gF) on (Protocal-Version:1.5|GPE_Id:GPE-111|Terminal-Id:111|Operator-Id:OPERATOR-111|Trans-BatchNumber:20150529|TractMsg-Id:1432890814603|Timestamp:20150529171334|Transaction-Type:206|Transaction-Id:|Response-Code:|<?xml version="1.0" encoding="UTF-8"?>
<Transaction terminalId="111" traceMessageId="1432890814522"/>,hash=2104697009), get digest:6b750ee979280918373bd2e81dfcfbc0
[2015-05-29 17:13:34,607][Test worker][DEBUG][MLotteryContext] find mapping file definition(xml-mapping/TransactionEnquiry_Req.xml) by key(transtype.206).
[2015-05-29 17:13:34,607][Test worker][DEBUG][ProtocolSerializer] Start to deserialize model: model=null,mappingFile=xml-mapping/TransactionEnquiry_Req.xml
[2015-05-29 17:13:34,607][Test worker][DEBUG][MLotteryContext] find mapping file definition(xml-mapping/TransactionEnquiry_Req.xml) by key(transtype.206).
[2015-05-29 17:13:34,616][Test worker][DEBUG][RoutineRegistry] Try to lookup handler by routine key(-1_206_1.5.0).
[2015-05-29 17:13:34,616][Test worker][DEBUG][RoutineRegistry] Try to lookup handler by routine key(-1_206_).
[2015-05-29 17:13:34,616][Test worker][DEBUG][RoutineRegistry] Lookup controller by key(-1_206_), found controller(com.mpos.lottery.te.trans.TransactionController@53ddecd8) and method(public void com.mpos.lottery.te.trans.TransactionController.cancelByTrans(com.mpos.lottery.te.port.Context,com.mpos.lottery.te.port.Context) throws com.mpos.lottery.te.config.exception.ApplicationException).
[2015-05-29 17:13:34,622][Test worker][DEBUG][ReversalOrCancelStrategyFactory] Found ReversalStrategy(class com.mpos.lottery.te.gameimpl.magic100.sale.service.Magic100SaleService) to cancel transaction(gameType=18,terminalId=111,transType=200,protocolVersion=1.5.0).
[2015-05-29 17:13:34,634][Test worker][DEBUG][DefaultBalanceService] Operator before transaction -  Operator [id=OPERATOR-111, loginName=OPERATOR-LOGIN, creditType=1, saleCreditLevel=199999700, payoutCreditLevel=2000, cashoutBalance=0, commisionBalance=230]
[2015-05-29 17:13:34,634][Test worker][DEBUG][DefaultBalanceService] Found balance strategy:com.mpos.lottery.te.merchant.service.balance.SaleBalanceStrategy@e1f8aba
[2015-05-29 17:13:34,634][Test worker][DEBUG][DefaultBalanceService] Operator after transaction -  Operator [id=OPERATOR-111, loginName=OPERATOR-LOGIN, creditType=1, saleCreditLevel=200000000, payoutCreditLevel=2000, cashoutBalance=0, commisionBalance=230]
[2015-05-29 17:13:34,667][Test worker][DEBUG][DefaultBalanceService] Operator before transaction -  Operator [id=OPERATOR-111, loginName=OPERATOR-LOGIN, creditType=1, saleCreditLevel=200000000, payoutCreditLevel=2000, cashoutBalance=0, commisionBalance=0]
[2015-05-29 17:13:34,667][Test worker][DEBUG][DefaultBalanceService] Found balance strategy:com.mpos.lottery.te.merchant.service.balance.PayoutBalanceStrategy@57df81d2
[2015-05-29 17:13:34,667][Test worker][DEBUG][DefaultBalanceService] Operator after transaction -  Operator [id=OPERATOR-111, loginName=OPERATOR-LOGIN, creditType=1, saleCreditLevel=200000000, payoutCreditLevel=1000, cashoutBalance=0, commisionBalance=0]
[2015-05-29 17:13:34,672][Test worker][DEBUG][CommonFacadeService] Prepare to publish message to exchange[TE.200] with routing key[TE.CANCEL.200.18]: origTrans {
  id: "0115052900000000001754"
  dev_id: "111"
  operator_id: "OPERATOR-111"
  merchant_id: "111"
  create_time: 1432890814000
  trans_type: 200
  game_id: "LK-1"
  game_type: 18
  total_amount: "300"
}
cancelTrans {
  id: "0115052900000000001760"
  dev_id: "111"
  operator_id: "OPERATOR-111"
  merchant_id: "111"
  create_time: 1432890814000
  trans_type: 206
  game_id: "LK-1"
  game_type: 18
  total_amount: "300"
}

[2015-05-29 17:13:34,672][Test worker][DEBUG][CommonFacadeService] Publish message successfully
[2015-05-29 17:13:34,673][Test worker][DEBUG][ProtocolSerializer] Finish mac(macKey=P2Bbo6+bSSR9O2Qc89f3b4oHTyE1V2gF,macString=Protocal-Version:1.5|GPE_Id:GPE-111|Terminal-Id:111|Operator-Id:OPERATOR-111|Trans-BatchNumber:20150529|TractMsg-Id:1432890814603|Timestamp:20150529171334|Transaction-Type:4206|Transaction-Id:0115052900000000001760|Response-Code:200|):85fd5da6168c242ba8541010cf9433d0
[2015-05-29 17:13:34,673][Test worker][DEBUG][BaseServletIntegrationTest] Got response(code=200,length=0): 
[2015-05-29 17:13:34,695][Test worker][DEBUG][TEPortServlet] Startup job scheduer(org.quartz.impl.StdScheduler@4d1e5820) successfully.
[2015-05-29 17:13:34,696][Test worker][WARN ][TEPortServlet] can NOT find META file:F:\project\M.Lottery\TE\TRUNK_TE\sourcecode\build\classes\main\META-INF\MANIFEST.MF
[2015-05-29 17:13:34,696][Test worker][DEBUG][TEPortServlet] Register MBean(com.mpos.lottery.te.common.jmx.TransactionTimeout@6cef2492) with name(com.mpos.lottery.te:type=TransactionTimeoutMBean) successfully.
[2015-05-29 17:13:34,696][Test worker][DEBUG][BaseTransactionalIntegrationTest] Retrieve a ApplicationContext(org.springframework.web.context.support.GenericWebApplicationContext@34f645a8: startup date [Fri May 29 17:12:38 CST 2015]; root of context hierarchy).
[2015-05-29 17:13:34,696][Test worker][INFO ][BaseTransactionalIntegrationTest] +------------------------------------------------------------------------------------------------------------------------+
[2015-05-29 17:13:34,696][Test worker][INFO ][BaseTransactionalIntegrationTest] | Magic100SaleCancellationIntegrationTest.testCancelByTicket_WinningSale                                                 |
[2015-05-29 17:13:34,696][Test worker][INFO ][BaseTransactionalIntegrationTest] +------------------------------------------------------------------------------------------------------------------------+
[2015-05-29 17:13:34,699][Test worker][DEBUG][MLotteryContext] find mapping file definition(xml-mapping/game/magic100/SellTicket_Req.xml) by key(18.transtype.200).
[2015-05-29 17:13:34,700][Test worker][DEBUG][CastorHelper] Finish marshaling input(typeclass com.mpos.lottery.te.gameimpl.magic100.sale.Magic100Ticket, mappingFile=xml-mapping/game/magic100/SellTicket_Req.xml).
[2015-05-29 17:13:34,700][Test worker][DEBUG][BaseServletIntegrationTest] Do MAC(key=P2Bbo6+bSSR9O2Qc89f3b4oHTyE1V2gF) on (Protocal-Version:1.5|GPE_Id:GPE-111|Terminal-Id:111|Operator-Id:OPERATOR-111|Trans-BatchNumber:20150529|TractMsg-Id:1432890814699|Timestamp:20150529171334|Transaction-Type:200|Transaction-Id:|Response-Code:|<?xml version="1.0" encoding="UTF-8"?>
<Ticket multipleDraws="1" totalAmount="300.0" PIN="!!!!"><GameDraw number="001" gameId="LK-1"/><Entry selectedNumber="PLAY" betOption="1" inputChannel="0" totalBets="3"/><User mobile="138000138000"/></Ticket>,hash=-748989997), get digest:8bad6019c2690c4a53672ada4abf24fb
[2015-05-29 17:13:34,701][Test worker][DEBUG][TEPortServlet] Got request header(name=X-Transaction-Type, value=200).
[2015-05-29 17:13:34,701][Test worker][DEBUG][TEPortServlet] Got request header(name=X-Protocal-Version, value=1.5).
[2015-05-29 17:13:34,701][Test worker][DEBUG][TEPortServlet] Got request header(name=X-Timestamp, value=20150529171334).
[2015-05-29 17:13:34,701][Test worker][DEBUG][TEPortServlet] Got request header(name=X-GPE-Id, value=GPE-111).
[2015-05-29 17:13:34,701][Test worker][DEBUG][TEPortServlet] Got request header(name=X-Trace-Message-Id, value=1432890814699).
[2015-05-29 17:13:34,701][Test worker][DEBUG][TEPortServlet] Got request header(name=X-Operator-Id, value=OPERATOR-111).
[2015-05-29 17:13:34,701][Test worker][DEBUG][TEPortServlet] Got request header(name=X-Terminal-Id, value=111).
[2015-05-29 17:13:34,701][Test worker][DEBUG][TEPortServlet] Got request header(name=X-MAC, value=8bad6019c2690c4a53672ada4abf24fb).
[2015-05-29 17:13:34,701][Test worker][DEBUG][TEPortServlet] Got request header(name=X-Game-Type-Id, value=18).
[2015-05-29 17:13:34,701][Test worker][DEBUG][TEPortServlet] Got request header(name=X-Trans-BatchNumber, value=20150529).
[2015-05-29 17:13:34,701][Test worker][DEBUG][TEPortServlet] Got request header(name=X-GPS-Location, value=40.714353,-74.005973).
[2015-05-29 17:13:34,703][Test worker][DEBUG][TEPortServlet] Got request from localhost, and the message body is:pq3FqO8HCcAnaobA+xpVnADmrnwj1vrK59BGhqvtskYFWTsa2cbe6vvj1C28m6E+ybhcq2GHfnfSvzUuvi5gIW+x7OzQghYnuO2taDRjXWCxHHHe4Qt36fAfFB33rSVDACrbWnPg/DemXvJASO7iCLuAO4gyCEnDo0YmXYatjtvx/4vawF5fmKvcy6y3OGpne4KYTTRzaz+rF0MDrXB++dOTvd5Fn6AkBiVVDSSby3fO4ETpZWFpBI2KUCNpMdGMU5l6EM+5IolpRDkWHrNZPUabJ+SyUo2qmTSgiOa5rwtdKi3DsJ+KQz7CwuaOvv+AitkgcNKdy64=.
[2015-05-29 17:13:34,703][Test worker][DEBUG][ProtocolSerializer] Start to deserialize request context(Protocal-Version:1.5|GPE_Id:GPE-111|Terminal-Id:111|Operator-Id:OPERATOR-111|Trans-BatchNumber:20150529|TractMsg-Id:1432890814699|Timestamp:20150529171334|Transaction-Type:200|Transaction-Id:|Response-Code:|).
[2015-05-29 17:13:34,703][Test worker][DEBUG][ProtocolSerializer] Finish decrypting cipher into original xml:<?xml version="1.0" encoding="UTF-8"?>
<Ticket multipleDraws="1" totalAmount="300.0" PIN="!!!!"><GameDraw number="001" gameId="LK-1"/><Entry selectedNumber="PLAY" betOption="1" inputChannel="0" totalBets="3"/><User mobile="138000138000"/></Ticket>
[2015-05-29 17:13:34,704][Test worker][DEBUG][ProtocolSerializer] Start to do MAC(key=P2Bbo6+bSSR9O2Qc89f3b4oHTyE1V2gF) on (Protocal-Version:1.5|GPE_Id:GPE-111|Terminal-Id:111|Operator-Id:OPERATOR-111|Trans-BatchNumber:20150529|TractMsg-Id:1432890814699|Timestamp:20150529171334|Transaction-Type:200|Transaction-Id:|Response-Code:|<?xml version="1.0" encoding="UTF-8"?>
<Ticket multipleDraws="1" totalAmount="300.0" PIN="!!!!"><GameDraw number="001" gameId="LK-1"/><Entry selectedNumber="PLAY" betOption="1" inputChannel="0" totalBets="3"/><User mobile="138000138000"/></Ticket>,hash=-748989997), get digest:8bad6019c2690c4a53672ada4abf24fb
[2015-05-29 17:13:34,704][Test worker][DEBUG][MLotteryContext] find mapping file definition(xml-mapping/game/magic100/SellTicket_Req.xml) by key(18.transtype.200).
[2015-05-29 17:13:34,704][Test worker][DEBUG][ProtocolSerializer] Start to deserialize model: model=null,mappingFile=xml-mapping/game/magic100/SellTicket_Req.xml
[2015-05-29 17:13:34,704][Test worker][DEBUG][MLotteryContext] find mapping file definition(xml-mapping/game/magic100/SellTicket_Req.xml) by key(18.transtype.200).
[2015-05-29 17:13:34,714][Test worker][DEBUG][RoutineRegistry] Try to lookup handler by routine key(18_200_1.5.0).
[2015-05-29 17:13:34,714][Test worker][DEBUG][RoutineRegistry] Try to lookup handler by routine key(18_200_).
[2015-05-29 17:13:34,714][Test worker][DEBUG][RoutineRegistry] Lookup controller by key(18_200_), found controller(com.mpos.lottery.te.gameimpl.magic100.Magic100Controller@7081c100) and method(public void com.mpos.lottery.te.gameimpl.magic100.Magic100Controller.sell(com.mpos.lottery.te.port.Context,com.mpos.lottery.te.port.Context) throws com.mpos.lottery.te.config.exception.ApplicationException).
[2015-05-29 17:13:34,721][Test worker][INFO ][AbstractGameInstanceService] No channel game instance time definiton found, ignore it.
[2015-05-29 17:13:34,722][Test worker][DEBUG][UUIDServiceImpl] Assemble a new ticket serial number:01111745819300013671
[2015-05-29 17:13:34,733][Test worker][DEBUG][DefaultLuckyNumberService] Use lucky number from REQUEUED RANGE(id=2) instead of main cycle.
[2015-05-29 17:13:34,734][Test worker][DEBUG][DefaultTicketValidator] THe max allowed multi-draw of operation parameter is 10, merchant limit to 3, the smaller 3 will be used.
[2015-05-29 17:13:34,748][Test worker][DEBUG][DefaultBalanceService] Operator before transaction -  Operator [id=OPERATOR-111, loginName=OPERATOR-LOGIN, creditType=1, saleCreditLevel=200000000, payoutCreditLevel=1000, cashoutBalance=0, commisionBalance=0]
[2015-05-29 17:13:34,748][Test worker][DEBUG][DefaultBalanceService] Found balance strategy:com.mpos.lottery.te.merchant.service.balance.PayoutBalanceStrategy@57df81d2
[2015-05-29 17:13:34,748][Test worker][DEBUG][DefaultBalanceService] Operator after transaction -  Operator [id=OPERATOR-111, loginName=OPERATOR-LOGIN, creditType=1, saleCreditLevel=200000000, payoutCreditLevel=2000, cashoutBalance=0, commisionBalance=0]
[2015-05-29 17:13:34,759][Test worker][DEBUG][DefaultBalanceService] Operator before transaction -  Operator [id=OPERATOR-111, loginName=OPERATOR-LOGIN, creditType=1, saleCreditLevel=200000000, payoutCreditLevel=2000, cashoutBalance=0, commisionBalance=200]
[2015-05-29 17:13:34,759][Test worker][DEBUG][DefaultBalanceService] Found balance strategy:com.mpos.lottery.te.merchant.service.balance.SaleBalanceStrategy@e1f8aba
[2015-05-29 17:13:34,759][Test worker][DEBUG][DefaultBalanceService] Operator after transaction -  Operator [id=OPERATOR-111, loginName=OPERATOR-LOGIN, creditType=1, saleCreditLevel=199999700.0, payoutCreditLevel=2000, cashoutBalance=0, commisionBalance=200]
[2015-05-29 17:13:34,769][Test worker][DEBUG][CommonFacadeService] Prepare to publish message to exchange[TE.200] with routing key[TE.200.18]: transaction {
  id: "0115052900000000001765"
  dev_id: "111"
  operator_id: "OPERATOR-111"
  merchant_id: "111"
  create_time: 1432890814000
  trans_type: 200
  game_id: "LK-1"
  game_type: 18
  total_amount: "300.0"
}
multi_draw: 1
total_amount: "300.0"
serial_no: "y013eOifYgIYr8cogzQpk2ag1RUicgHe"
game_instance {
  id: "GII-111"
}
entries {
  selected_number: "6"
  bet_option: 1
  total_bets: 1
  entry_amount: "100"
  input_channel: "0"
}
entries {
  selected_number: "7"
  bet_option: 1
  total_bets: 1
  entry_amount: "100"
  input_channel: "0"
}
entries {
  selected_number: "8"
  bet_option: 1
  total_bets: 1
  entry_amount: "100"
  input_channel: "0"
}

[2015-05-29 17:13:34,769][Test worker][DEBUG][CommonFacadeService] Publish message successfully
[2015-05-29 17:13:34,769][Test worker][DEBUG][MLotteryContext] find mapping file definition(xml-mapping/game/magic100/SellTicket_Res.xml) by key(18.transtype.4200).
[2015-05-29 17:13:34,769][Test worker][DEBUG][ProtocolSerializer] Start to serialize model(class com.mpos.lottery.te.gameimpl.magic100.sale.Magic100Ticket),mappingFile=xml-mapping/game/magic100/SellTicket_Res.xml
[2015-05-29 17:13:34,769][Test worker][DEBUG][MLotteryContext] find mapping file definition(xml-mapping/game/magic100/SellTicket_Res.xml) by key(18.transtype.4200).
[2015-05-29 17:13:34,770][Test worker][DEBUG][CastorHelper] Finish marshaling input(typeclass com.mpos.lottery.te.gameimpl.magic100.sale.Magic100Ticket, mappingFile=xml-mapping/game/magic100/SellTicket_Res.xml).
[2015-05-29 17:13:34,770][Test worker][DEBUG][ProtocolSerializer] Finish mac(macKey=P2Bbo6+bSSR9O2Qc89f3b4oHTyE1V2gF,macString=Protocal-Version:1.5|GPE_Id:GPE-111|Terminal-Id:111|Operator-Id:OPERATOR-111|Trans-BatchNumber:20150529|TractMsg-Id:1432890814699|Timestamp:20150529171334|Transaction-Type:4200|Transaction-Id:0115052900000000001765|Response-Code:200|<?xml version="1.0" encoding="UTF-8"?>
<Ticket serialNo="01111745819300013671" barcode="18cK/u9hwZY2Rogq4k24Oeg4G3HSlAl9EbjLdf+UJJlt9Se2CWmp8xas1YeK2m7FOQ1hDFIt/N128=" validationCode="834948" type="1" multipleDraws="1" lastDrawNo="001" totalBets="3" totalAmount="300.00" isWinning="1"><GameDraw number="001" gameId="LK-1"/><Entry selectedNumber="6" betOption="1" inputChannel="0" isWinning="0" prizeAmount="0" taxAmount="0" entryAmount="100"/><Entry selectedNumber="7" betOption="1" inputChannel="0" isWinning="0" prizeAmount="0" taxAmount="0" entryAmount="100"/><Entry selectedNumber="8" betOption="1" inputChannel="0" isWinning="1" prizeAmount="1000" taxAmount="0" entryAmount="100"/></Ticket>):bdeb74e29384488264e440cb8915c6eb
[2015-05-29 17:13:34,771][Test worker][DEBUG][TEPortServlet] Write response to client(host1=localhost,sizeOfPack=928) succesfully.
[2015-05-29 17:13:34,771][Test worker][DEBUG][BaseServletIntegrationTest] Got response(code=200,length=928): <?xml version="1.0" encoding="UTF-8"?>
<Ticket serialNo="01111745819300013671" barcode="18cK/u9hwZY2Rogq4k24Oeg4G3HSlAl9EbjLdf+UJJlt9Se2CWmp8xas1YeK2m7FOQ1hDFIt/N128=" validationCode="834948" type="1" multipleDraws="1" lastDrawNo="001" totalBets="3" totalAmount="300.00" isWinning="1"><GameDraw number="001" gameId="LK-1"/><Entry selectedNumber="6" betOption="1" inputChannel="0" isWinning="0" prizeAmount="0" taxAmount="0" entryAmount="100"/><Entry selectedNumber="7" betOption="1" inputChannel="0" isWinning="0" prizeAmount="0" taxAmount="0" entryAmount="100"/><Entry selectedNumber="8" betOption="1" inputChannel="0" isWinning="1" prizeAmount="1000" taxAmount="0" entryAmount="100"/></Ticket>
[2015-05-29 17:13:34,771][Test worker][DEBUG][MLotteryContext] find mapping file definition(xml-mapping/game/magic100/SellTicket_Res.xml) by key(18.transtype.4200).
[2015-05-29 17:13:34,777][Test worker][DEBUG][MLotteryContext] find mapping file definition(xml-mapping/game/magic100/CancelTicket_Req.xml) by key(18.transtype.201).
[2015-05-29 17:13:34,777][Test worker][DEBUG][CastorHelper] Finish marshaling input(typeclass com.mpos.lottery.te.gameimpl.magic100.sale.Magic100Ticket, mappingFile=xml-mapping/game/magic100/CancelTicket_Req.xml).
[2015-05-29 17:13:34,778][Test worker][DEBUG][BaseServletIntegrationTest] Do MAC(key=P2Bbo6+bSSR9O2Qc89f3b4oHTyE1V2gF) on (Protocal-Version:1.5|GPE_Id:GPE-111|Terminal-Id:111|Operator-Id:OPERATOR-111|Trans-BatchNumber:20150529|TractMsg-Id:1432890814777|Timestamp:20150529171334|Transaction-Type:201|Transaction-Id:|Response-Code:|<?xml version="1.0" encoding="UTF-8"?>
<Ticket serialNo="01111745819300013671" barcode="18cK/u9hwZY2Rogq4k24Oeg4G3HSlAl9EbjLdf+UJJlt9Se2CWmp8xas1YeK2m7FOQ1hDFIt/N128=" isMannul="0"/>,hash=1507247200), get digest:24cac7d355d918591eac45494318559b
[2015-05-29 17:13:34,778][Test worker][DEBUG][TEPortServlet] Got request header(name=X-Transaction-Type, value=201).
[2015-05-29 17:13:34,778][Test worker][DEBUG][TEPortServlet] Got request header(name=X-Protocal-Version, value=1.5).
[2015-05-29 17:13:34,778][Test worker][DEBUG][TEPortServlet] Got request header(name=X-Timestamp, value=20150529171334).
[2015-05-29 17:13:34,778][Test worker][DEBUG][TEPortServlet] Got request header(name=X-GPE-Id, value=GPE-111).
[2015-05-29 17:13:34,778][Test worker][DEBUG][TEPortServlet] Got request header(name=X-Trace-Message-Id, value=1432890814777).
[2015-05-29 17:13:34,778][Test worker][DEBUG][TEPortServlet] Got request header(name=X-Operator-Id, value=OPERATOR-111).
[2015-05-29 17:13:34,778][Test worker][DEBUG][TEPortServlet] Got request header(name=X-Terminal-Id, value=111).
[2015-05-29 17:13:34,778][Test worker][DEBUG][TEPortServlet] Got request header(name=X-MAC, value=24cac7d355d918591eac45494318559b).
[2015-05-29 17:13:34,778][Test worker][DEBUG][TEPortServlet] Got request header(name=X-Game-Type-Id, value=18).
[2015-05-29 17:13:34,778][Test worker][DEBUG][TEPortServlet] Got request header(name=X-Trans-BatchNumber, value=20150529).
[2015-05-29 17:13:34,778][Test worker][DEBUG][TEPortServlet] Got request header(name=X-GPS-Location, value=40.714353,-74.005973).
[2015-05-29 17:13:34,779][Test worker][DEBUG][TEPortServlet] Got request from localhost, and the message body is:pq3FqO8HCcAnaobA+xpVnADmrnwj1vrK59BGhqvtskYFWTsa2cbe6ttFDFcpmi1MamgAomcAmY77ZmH0pucSJgbfWsiX7V3q/91QjSE/Gg/FWqfw+CCx0K3yMNc/THPdwSDXz/R45bIQBV+GQhjsdUqozHJz0cGEMVvkV+XQLgcPTj7Pn6mBHfe/nPJDJi6Gj0+WtIBBWoRrV1xGmWO1uLbrktp5wwba1Q4M/AX01jwlMo7/m0XHWQ==.
[2015-05-29 17:13:34,780][Test worker][DEBUG][ProtocolSerializer] Start to deserialize request context(Protocal-Version:1.5|GPE_Id:GPE-111|Terminal-Id:111|Operator-Id:OPERATOR-111|Trans-BatchNumber:20150529|TractMsg-Id:1432890814777|Timestamp:20150529171334|Transaction-Type:201|Transaction-Id:|Response-Code:|).
[2015-05-29 17:13:34,780][Test worker][DEBUG][ProtocolSerializer] Finish decrypting cipher into original xml:<?xml version="1.0" encoding="UTF-8"?>
<Ticket serialNo="01111745819300013671" barcode="18cK/u9hwZY2Rogq4k24Oeg4G3HSlAl9EbjLdf+UJJlt9Se2CWmp8xas1YeK2m7FOQ1hDFIt/N128=" isMannul="0"/>
[2015-05-29 17:13:34,780][Test worker][DEBUG][ProtocolSerializer] Start to do MAC(key=P2Bbo6+bSSR9O2Qc89f3b4oHTyE1V2gF) on (Protocal-Version:1.5|GPE_Id:GPE-111|Terminal-Id:111|Operator-Id:OPERATOR-111|Trans-BatchNumber:20150529|TractMsg-Id:1432890814777|Timestamp:20150529171334|Transaction-Type:201|Transaction-Id:|Response-Code:|<?xml version="1.0" encoding="UTF-8"?>
<Ticket serialNo="01111745819300013671" barcode="18cK/u9hwZY2Rogq4k24Oeg4G3HSlAl9EbjLdf+UJJlt9Se2CWmp8xas1YeK2m7FOQ1hDFIt/N128=" isMannul="0"/>,hash=1507247200), get digest:24cac7d355d918591eac45494318559b
[2015-05-29 17:13:34,780][Test worker][DEBUG][MLotteryContext] find mapping file definition(xml-mapping/game/magic100/CancelTicket_Req.xml) by key(18.transtype.201).
[2015-05-29 17:13:34,780][Test worker][DEBUG][ProtocolSerializer] Start to deserialize model: model=null,mappingFile=xml-mapping/game/magic100/CancelTicket_Req.xml
[2015-05-29 17:13:34,780][Test worker][DEBUG][MLotteryContext] find mapping file definition(xml-mapping/game/magic100/CancelTicket_Req.xml) by key(18.transtype.201).
[2015-05-29 17:13:34,792][Test worker][DEBUG][RoutineRegistry] Try to lookup handler by routine key(18_201_1.5.0).
[2015-05-29 17:13:34,793][Test worker][DEBUG][RoutineRegistry] Try to lookup handler by routine key(18_201_).
[2015-05-29 17:13:34,793][Test worker][DEBUG][RoutineRegistry] Lookup controller by key(18_201_), found controller(com.mpos.lottery.te.gameimpl.magic100.Magic100Controller@7081c100) and method(public void com.mpos.lottery.te.gameimpl.magic100.Magic100Controller.cancelByTicket(com.mpos.lottery.te.port.Context,com.mpos.lottery.te.port.Context) throws com.mpos.lottery.te.config.exception.ApplicationException).
[2015-05-29 17:13:34,798][Test worker][DEBUG][ReversalOrCancelStrategyFactory] Found ReversalStrategy(class com.mpos.lottery.te.gameimpl.magic100.sale.service.Magic100SaleService) to cancel transaction(gameType=18,terminalId=111,transType=200,protocolVersion=1.5.0).
[2015-05-29 17:13:34,810][Test worker][DEBUG][DefaultBalanceService] Operator before transaction -  Operator [id=OPERATOR-111, loginName=OPERATOR-LOGIN, creditType=1, saleCreditLevel=199999700, payoutCreditLevel=2000, cashoutBalance=0, commisionBalance=230]
[2015-05-29 17:13:34,810][Test worker][DEBUG][DefaultBalanceService] Found balance strategy:com.mpos.lottery.te.merchant.service.balance.SaleBalanceStrategy@e1f8aba
[2015-05-29 17:13:34,810][Test worker][DEBUG][DefaultBalanceService] Operator after transaction -  Operator [id=OPERATOR-111, loginName=OPERATOR-LOGIN, creditType=1, saleCreditLevel=200000000, payoutCreditLevel=2000, cashoutBalance=0, commisionBalance=230]
[2015-05-29 17:13:34,835][Test worker][DEBUG][DefaultBalanceService] Operator before transaction -  Operator [id=OPERATOR-111, loginName=OPERATOR-LOGIN, creditType=1, saleCreditLevel=200000000, payoutCreditLevel=2000, cashoutBalance=0, commisionBalance=0]
[2015-05-29 17:13:34,835][Test worker][DEBUG][DefaultBalanceService] Found balance strategy:com.mpos.lottery.te.merchant.service.balance.PayoutBalanceStrategy@57df81d2
[2015-05-29 17:13:34,835][Test worker][DEBUG][DefaultBalanceService] Operator after transaction -  Operator [id=OPERATOR-111, loginName=OPERATOR-LOGIN, creditType=1, saleCreditLevel=200000000, payoutCreditLevel=1000, cashoutBalance=0, commisionBalance=0]
[2015-05-29 17:13:34,840][Test worker][DEBUG][CommonFacadeService] Prepare to publish message to exchange[TE.200] with routing key[TE.CANCEL.200.18]: origTrans {
  id: "0115052900000000001765"
  dev_id: "111"
  operator_id: "OPERATOR-111"
  merchant_id: "111"
  create_time: 1432890814000
  trans_type: 200
  game_id: "LK-1"
  game_type: 18
  total_amount: "300"
}
cancelTrans {
  id: "0115052900000000001771"
  dev_id: "111"
  operator_id: "OPERATOR-111"
  merchant_id: "111"
  create_time: 1432890814000
  trans_type: 201
  game_id: "LK-1"
  game_type: 18
  total_amount: "300"
}

[2015-05-29 17:13:34,840][Test worker][DEBUG][CommonFacadeService] Publish message successfully
[2015-05-29 17:13:34,840][Test worker][DEBUG][ProtocolSerializer] Finish mac(macKey=P2Bbo6+bSSR9O2Qc89f3b4oHTyE1V2gF,macString=Protocal-Version:1.5|GPE_Id:GPE-111|Terminal-Id:111|Operator-Id:OPERATOR-111|Trans-BatchNumber:20150529|TractMsg-Id:1432890814777|Timestamp:20150529171334|Transaction-Type:4201|Transaction-Id:0115052900000000001771|Response-Code:200|):4e1450f04086908151d3ce4bee99ba05
[2015-05-29 17:13:34,840][Test worker][DEBUG][BaseServletIntegrationTest] Got response(code=200,length=0): 
[2015-05-29 17:13:34,883][Test worker][DEBUG][TEPortServlet] Startup job scheduer(org.quartz.impl.StdScheduler@4d1e5820) successfully.
[2015-05-29 17:13:34,883][Test worker][WARN ][TEPortServlet] can NOT find META file:F:\project\M.Lottery\TE\TRUNK_TE\sourcecode\build\classes\main\META-INF\MANIFEST.MF
[2015-05-29 17:13:34,884][Test worker][DEBUG][TEPortServlet] Register MBean(com.mpos.lottery.te.common.jmx.TransactionTimeout@67c20c1c) with name(com.mpos.lottery.te:type=TransactionTimeoutMBean) successfully.
[2015-05-29 17:13:34,884][Test worker][DEBUG][BaseTransactionalIntegrationTest] Retrieve a ApplicationContext(org.springframework.web.context.support.GenericWebApplicationContext@34f645a8: startup date [Fri May 29 17:12:38 CST 2015]; root of context hierarchy).
[2015-05-29 17:13:34,884][Test worker][INFO ][BaseTransactionalIntegrationTest] +------------------------------------------------------------------------------------------------------------------------+
[2015-05-29 17:13:34,884][Test worker][INFO ][BaseTransactionalIntegrationTest] | Magic100SaleCancellationIntegrationTest.testCancelByTicket_WinningSale_BuyAgain                                        |
[2015-05-29 17:13:34,884][Test worker][INFO ][BaseTransactionalIntegrationTest] +------------------------------------------------------------------------------------------------------------------------+
[2015-05-29 17:13:34,890][Test worker][DEBUG][MLotteryContext] find mapping file definition(xml-mapping/game/magic100/SellTicket_Req.xml) by key(18.transtype.200).
[2015-05-29 17:13:34,891][Test worker][DEBUG][CastorHelper] Finish marshaling input(typeclass com.mpos.lottery.te.gameimpl.magic100.sale.Magic100Ticket, mappingFile=xml-mapping/game/magic100/SellTicket_Req.xml).
[2015-05-29 17:13:34,891][Test worker][DEBUG][BaseServletIntegrationTest] Do MAC(key=P2Bbo6+bSSR9O2Qc89f3b4oHTyE1V2gF) on (Protocal-Version:1.5|GPE_Id:GPE-111|Terminal-Id:111|Operator-Id:OPERATOR-111|Trans-BatchNumber:20150529|TractMsg-Id:1432890814890|Timestamp:20150529171334|Transaction-Type:200|Transaction-Id:|Response-Code:|<?xml version="1.0" encoding="UTF-8"?>
<Ticket multipleDraws="1" totalAmount="300.0" PIN="!!!!"><GameDraw number="001" gameId="LK-1"/><Entry selectedNumber="PLAY" betOption="1" inputChannel="0" totalBets="3"/><User mobile="138000138000"/></Ticket>,hash=-88443398), get digest:6288d08182f6a4d52acd197763aab5bc
[2015-05-29 17:13:34,891][Test worker][DEBUG][TEPortServlet] Got request header(name=X-Transaction-Type, value=200).
[2015-05-29 17:13:34,891][Test worker][DEBUG][TEPortServlet] Got request header(name=X-Protocal-Version, value=1.5).
[2015-05-29 17:13:34,891][Test worker][DEBUG][TEPortServlet] Got request header(name=X-Timestamp, value=20150529171334).
[2015-05-29 17:13:34,891][Test worker][DEBUG][TEPortServlet] Got request header(name=X-GPE-Id, value=GPE-111).
[2015-05-29 17:13:34,891][Test worker][DEBUG][TEPortServlet] Got request header(name=X-Trace-Message-Id, value=1432890814890).
[2015-05-29 17:13:34,891][Test worker][DEBUG][TEPortServlet] Got request header(name=X-Operator-Id, value=OPERATOR-111).
[2015-05-29 17:13:34,891][Test worker][DEBUG][TEPortServlet] Got request header(name=X-Terminal-Id, value=111).
[2015-05-29 17:13:34,891][Test worker][DEBUG][TEPortServlet] Got request header(name=X-MAC, value=6288d08182f6a4d52acd197763aab5bc).
[2015-05-29 17:13:34,891][Test worker][DEBUG][TEPortServlet] Got request header(name=X-Game-Type-Id, value=18).
[2015-05-29 17:13:34,891][Test worker][DEBUG][TEPortServlet] Got request header(name=X-Trans-BatchNumber, value=20150529).
[2015-05-29 17:13:34,891][Test worker][DEBUG][TEPortServlet] Got request header(name=X-GPS-Location, value=40.714353,-74.005973).
[2015-05-29 17:13:34,893][Test worker][DEBUG][TEPortServlet] Got request from localhost, and the message body is:pq3FqO8HCcAnaobA+xpVnADmrnwj1vrK59BGhqvtskYFWTsa2cbe6vvj1C28m6E+ybhcq2GHfnfSvzUuvi5gIW+x7OzQghYnuO2taDRjXWCxHHHe4Qt36fAfFB33rSVDACrbWnPg/DemXvJASO7iCLuAO4gyCEnDo0YmXYatjtvx/4vawF5fmKvcy6y3OGpne4KYTTRzaz+rF0MDrXB++dOTvd5Fn6AkBiVVDSSby3fO4ETpZWFpBI2KUCNpMdGMU5l6EM+5IolpRDkWHrNZPUabJ+SyUo2qmTSgiOa5rwtdKi3DsJ+KQz7CwuaOvv+AitkgcNKdy64=.
[2015-05-29 17:13:34,893][Test worker][DEBUG][ProtocolSerializer] Start to deserialize request context(Protocal-Version:1.5|GPE_Id:GPE-111|Terminal-Id:111|Operator-Id:OPERATOR-111|Trans-BatchNumber:20150529|TractMsg-Id:1432890814890|Timestamp:20150529171334|Transaction-Type:200|Transaction-Id:|Response-Code:|).
[2015-05-29 17:13:34,893][Test worker][DEBUG][ProtocolSerializer] Finish decrypting cipher into original xml:<?xml version="1.0" encoding="UTF-8"?>
<Ticket multipleDraws="1" totalAmount="300.0" PIN="!!!!"><GameDraw number="001" gameId="LK-1"/><Entry selectedNumber="PLAY" betOption="1" inputChannel="0" totalBets="3"/><User mobile="138000138000"/></Ticket>
[2015-05-29 17:13:34,893][Test worker][DEBUG][ProtocolSerializer] Start to do MAC(key=P2Bbo6+bSSR9O2Qc89f3b4oHTyE1V2gF) on (Protocal-Version:1.5|GPE_Id:GPE-111|Terminal-Id:111|Operator-Id:OPERATOR-111|Trans-BatchNumber:20150529|TractMsg-Id:1432890814890|Timestamp:20150529171334|Transaction-Type:200|Transaction-Id:|Response-Code:|<?xml version="1.0" encoding="UTF-8"?>
<Ticket multipleDraws="1" totalAmount="300.0" PIN="!!!!"><GameDraw number="001" gameId="LK-1"/><Entry selectedNumber="PLAY" betOption="1" inputChannel="0" totalBets="3"/><User mobile="138000138000"/></Ticket>,hash=-88443398), get digest:6288d08182f6a4d52acd197763aab5bc
[2015-05-29 17:13:34,893][Test worker][DEBUG][MLotteryContext] find mapping file definition(xml-mapping/game/magic100/SellTicket_Req.xml) by key(18.transtype.200).
[2015-05-29 17:13:34,893][Test worker][DEBUG][ProtocolSerializer] Start to deserialize model: model=null,mappingFile=xml-mapping/game/magic100/SellTicket_Req.xml
[2015-05-29 17:13:34,893][Test worker][DEBUG][MLotteryContext] find mapping file definition(xml-mapping/game/magic100/SellTicket_Req.xml) by key(18.transtype.200).
[2015-05-29 17:13:34,903][Test worker][DEBUG][RoutineRegistry] Try to lookup handler by routine key(18_200_1.5.0).
[2015-05-29 17:13:34,903][Test worker][DEBUG][RoutineRegistry] Try to lookup handler by routine key(18_200_).
[2015-05-29 17:13:34,903][Test worker][DEBUG][RoutineRegistry] Lookup controller by key(18_200_), found controller(com.mpos.lottery.te.gameimpl.magic100.Magic100Controller@7081c100) and method(public void com.mpos.lottery.te.gameimpl.magic100.Magic100Controller.sell(com.mpos.lottery.te.port.Context,com.mpos.lottery.te.port.Context) throws com.mpos.lottery.te.config.exception.ApplicationException).
[2015-05-29 17:13:34,910][Test worker][INFO ][AbstractGameInstanceService] No channel game instance time definiton found, ignore it.
[2015-05-29 17:13:34,910][Test worker][DEBUG][UUIDServiceImpl] Assemble a new ticket serial number:01111745819300013724
[2015-05-29 17:13:34,922][Test worker][DEBUG][DefaultTicketValidator] THe max allowed multi-draw of operation parameter is 10, merchant limit to 3, the smaller 3 will be used.
[2015-05-29 17:13:34,934][Test worker][DEBUG][DefaultBalanceService] Operator before transaction -  Operator [id=OPERATOR-111, loginName=OPERATOR-LOGIN, creditType=1, saleCreditLevel=200000000, payoutCreditLevel=1000, cashoutBalance=0, commisionBalance=0]
[2015-05-29 17:13:34,934][Test worker][DEBUG][DefaultBalanceService] Found balance strategy:com.mpos.lottery.te.merchant.service.balance.PayoutBalanceStrategy@57df81d2
[2015-05-29 17:13:34,934][Test worker][DEBUG][DefaultBalanceService] Operator after transaction -  Operator [id=OPERATOR-111, loginName=OPERATOR-LOGIN, creditType=1, saleCreditLevel=200000000, payoutCreditLevel=2000, cashoutBalance=0, commisionBalance=0]
[2015-05-29 17:13:34,945][Test worker][DEBUG][DefaultBalanceService] Operator before transaction -  Operator [id=OPERATOR-111, loginName=OPERATOR-LOGIN, creditType=1, saleCreditLevel=200000000, payoutCreditLevel=2000, cashoutBalance=0, commisionBalance=200]
[2015-05-29 17:13:34,946][Test worker][DEBUG][DefaultBalanceService] Found balance strategy:com.mpos.lottery.te.merchant.service.balance.SaleBalanceStrategy@e1f8aba
[2015-05-29 17:13:34,946][Test worker][DEBUG][DefaultBalanceService] Operator after transaction -  Operator [id=OPERATOR-111, loginName=OPERATOR-LOGIN, creditType=1, saleCreditLevel=199999700.0, payoutCreditLevel=2000, cashoutBalance=0, commisionBalance=200]
[2015-05-29 17:13:34,956][Test worker][DEBUG][CommonFacadeService] Prepare to publish message to exchange[TE.200] with routing key[TE.200.18]: transaction {
  id: "0115052900000000001776"
  dev_id: "111"
  operator_id: "OPERATOR-111"
  merchant_id: "111"
  create_time: 1432890814000
  trans_type: 200
  game_id: "LK-1"
  game_type: 18
  total_amount: "300.0"
}
multi_draw: 1
total_amount: "300.0"
serial_no: "y013eOifYgIYr8cogzQpk7UBkCyht0Ia"
game_instance {
  id: "GII-111"
}
entries {
  selected_number: "8"
  bet_option: 1
  total_bets: 1
  entry_amount: "100"
  input_channel: "0"
}
entries {
  selected_number: "9"
  bet_option: 1
  total_bets: 1
  entry_amount: "100"
  input_channel: "0"
}
entries {
  selected_number: "10"
  bet_option: 1
  total_bets: 1
  entry_amount: "100"
  input_channel: "0"
}

[2015-05-29 17:13:34,956][Test worker][DEBUG][CommonFacadeService] Publish message successfully
[2015-05-29 17:13:34,956][Test worker][DEBUG][MLotteryContext] find mapping file definition(xml-mapping/game/magic100/SellTicket_Res.xml) by key(18.transtype.4200).
[2015-05-29 17:13:34,956][Test worker][DEBUG][ProtocolSerializer] Start to serialize model(class com.mpos.lottery.te.gameimpl.magic100.sale.Magic100Ticket),mappingFile=xml-mapping/game/magic100/SellTicket_Res.xml
[2015-05-29 17:13:34,956][Test worker][DEBUG][MLotteryContext] find mapping file definition(xml-mapping/game/magic100/SellTicket_Res.xml) by key(18.transtype.4200).
[2015-05-29 17:13:34,957][Test worker][DEBUG][CastorHelper] Finish marshaling input(typeclass com.mpos.lottery.te.gameimpl.magic100.sale.Magic100Ticket, mappingFile=xml-mapping/game/magic100/SellTicket_Res.xml).
[2015-05-29 17:13:34,957][Test worker][DEBUG][ProtocolSerializer] Finish mac(macKey=P2Bbo6+bSSR9O2Qc89f3b4oHTyE1V2gF,macString=Protocal-Version:1.5|GPE_Id:GPE-111|Terminal-Id:111|Operator-Id:OPERATOR-111|Trans-BatchNumber:20150529|TractMsg-Id:1432890814890|Timestamp:20150529171334|Transaction-Type:4200|Transaction-Id:0115052900000000001776|Response-Code:200|<?xml version="1.0" encoding="UTF-8"?>
<Ticket serialNo="01111745819300013724" barcode="18cK/u9hwZY2Rogq4k24Oeg4G3HSlAl9EbjLdf+UJJlt9Se2CWmp8xas1YeK2m7FOQvYX024GaEC4=" validationCode="895167" type="1" multipleDraws="1" lastDrawNo="001" totalBets="3" totalAmount="300.00" isWinning="1"><GameDraw number="001" gameId="LK-1"/><Entry selectedNumber="8" betOption="1" inputChannel="0" isWinning="1" prizeAmount="1000" taxAmount="0" entryAmount="100"/><Entry selectedNumber="9" betOption="1" inputChannel="0" isWinning="0" prizeAmount="0" taxAmount="0" entryAmount="100"/><Entry selectedNumber="10" betOption="1" inputChannel="0" isWinning="0" prizeAmount="0" taxAmount="0" entryAmount="100"/></Ticket>):ca37ee15196338a085eefb583dabb0c9
[2015-05-29 17:13:34,958][Test worker][DEBUG][TEPortServlet] Write response to client(host1=localhost,sizeOfPack=940) succesfully.
[2015-05-29 17:13:34,958][Test worker][DEBUG][BaseServletIntegrationTest] Got response(code=200,length=940): <?xml version="1.0" encoding="UTF-8"?>
<Ticket serialNo="01111745819300013724" barcode="18cK/u9hwZY2Rogq4k24Oeg4G3HSlAl9EbjLdf+UJJlt9Se2CWmp8xas1YeK2m7FOQvYX024GaEC4=" validationCode="895167" type="1" multipleDraws="1" lastDrawNo="001" totalBets="3" totalAmount="300.00" isWinning="1"><GameDraw number="001" gameId="LK-1"/><Entry selectedNumber="8" betOption="1" inputChannel="0" isWinning="1" prizeAmount="1000" taxAmount="0" entryAmount="100"/><Entry selectedNumber="9" betOption="1" inputChannel="0" isWinning="0" prizeAmount="0" taxAmount="0" entryAmount="100"/><Entry selectedNumber="10" betOption="1" inputChannel="0" isWinning="0" prizeAmount="0" taxAmount="0" entryAmount="100"/></Ticket>
[2015-05-29 17:13:34,958][Test worker][DEBUG][MLotteryContext] find mapping file definition(xml-mapping/game/magic100/SellTicket_Res.xml) by key(18.transtype.4200).
[2015-05-29 17:13:34,962][Test worker][DEBUG][MLotteryContext] find mapping file definition(xml-mapping/TransactionEnquiry_Req.xml) by key(transtype.206).
[2015-05-29 17:13:34,963][Test worker][DEBUG][CastorHelper] Finish marshaling input(typeclass com.mpos.lottery.te.trans.domain.Transaction, mappingFile=xml-mapping/TransactionEnquiry_Req.xml).
[2015-05-29 17:13:34,963][Test worker][DEBUG][BaseServletIntegrationTest] Do MAC(key=P2Bbo6+bSSR9O2Qc89f3b4oHTyE1V2gF) on (Protocal-Version:1.5|GPE_Id:GPE-111|Terminal-Id:111|Operator-Id:OPERATOR-111|Trans-BatchNumber:20150529|TractMsg-Id:1432890814962|Timestamp:20150529171334|Transaction-Type:206|Transaction-Id:|Response-Code:|<?xml version="1.0" encoding="UTF-8"?>
<Transaction terminalId="111" traceMessageId="1432890814890"/>,hash=916533467), get digest:4f372c2d512f1eccbda6aafd563ef188
[2015-05-29 17:13:34,963][Test worker][DEBUG][TEPortServlet] Got request header(name=X-Transaction-Type, value=206).
[2015-05-29 17:13:34,963][Test worker][DEBUG][TEPortServlet] Got request header(name=X-Protocal-Version, value=1.5).
[2015-05-29 17:13:34,963][Test worker][DEBUG][TEPortServlet] Got request header(name=X-Timestamp, value=20150529171334).
[2015-05-29 17:13:34,963][Test worker][DEBUG][TEPortServlet] Got request header(name=X-GPE-Id, value=GPE-111).
[2015-05-29 17:13:34,963][Test worker][DEBUG][TEPortServlet] Got request header(name=X-Trace-Message-Id, value=1432890814962).
[2015-05-29 17:13:34,963][Test worker][DEBUG][TEPortServlet] Got request header(name=X-Operator-Id, value=OPERATOR-111).
[2015-05-29 17:13:34,963][Test worker][DEBUG][TEPortServlet] Got request header(name=X-Terminal-Id, value=111).
[2015-05-29 17:13:34,963][Test worker][DEBUG][TEPortServlet] Got request header(name=X-MAC, value=4f372c2d512f1eccbda6aafd563ef188).
[2015-05-29 17:13:34,963][Test worker][DEBUG][TEPortServlet] Got request header(name=X-Game-Type-Id, value=18).
[2015-05-29 17:13:34,963][Test worker][DEBUG][TEPortServlet] Got request header(name=X-Trans-BatchNumber, value=20150529).
[2015-05-29 17:13:34,963][Test worker][DEBUG][TEPortServlet] Got request header(name=X-GPS-Location, value=40.714353,-74.005973).
[2015-05-29 17:13:34,965][Test worker][DEBUG][TEPortServlet] Got request from localhost, and the message body is:pq3FqO8HCcAnaobA+xpVnADmrnwj1vrK59BGhqvtskYFWTsa2cbe6jcIE4b0pl+ogrA4SMNVUFtCb0VnctvqFZ4g+Dv1D5Fz4ERoX4gVmzFJ1yZK27DdH26vPijuqSrsP3VveR4C4yA=.
[2015-05-29 17:13:34,965][Test worker][DEBUG][ProtocolSerializer] Start to deserialize request context(Protocal-Version:1.5|GPE_Id:GPE-111|Terminal-Id:111|Operator-Id:OPERATOR-111|Trans-BatchNumber:20150529|TractMsg-Id:1432890814962|Timestamp:20150529171334|Transaction-Type:206|Transaction-Id:|Response-Code:|).
[2015-05-29 17:13:34,965][Test worker][DEBUG][ProtocolSerializer] Finish decrypting cipher into original xml:<?xml version="1.0" encoding="UTF-8"?>
<Transaction terminalId="111" traceMessageId="1432890814890"/>
[2015-05-29 17:13:34,965][Test worker][DEBUG][ProtocolSerializer] Start to do MAC(key=P2Bbo6+bSSR9O2Qc89f3b4oHTyE1V2gF) on (Protocal-Version:1.5|GPE_Id:GPE-111|Terminal-Id:111|Operator-Id:OPERATOR-111|Trans-BatchNumber:20150529|TractMsg-Id:1432890814962|Timestamp:20150529171334|Transaction-Type:206|Transaction-Id:|Response-Code:|<?xml version="1.0" encoding="UTF-8"?>
<Transaction terminalId="111" traceMessageId="1432890814890"/>,hash=916533467), get digest:4f372c2d512f1eccbda6aafd563ef188
[2015-05-29 17:13:34,965][Test worker][DEBUG][MLotteryContext] find mapping file definition(xml-mapping/TransactionEnquiry_Req.xml) by key(transtype.206).
[2015-05-29 17:13:34,965][Test worker][DEBUG][ProtocolSerializer] Start to deserialize model: model=null,mappingFile=xml-mapping/TransactionEnquiry_Req.xml
[2015-05-29 17:13:34,965][Test worker][DEBUG][MLotteryContext] find mapping file definition(xml-mapping/TransactionEnquiry_Req.xml) by key(transtype.206).
[2015-05-29 17:13:34,975][Test worker][DEBUG][RoutineRegistry] Try to lookup handler by routine key(18_206_1.5.0).
[2015-05-29 17:13:34,975][Test worker][DEBUG][RoutineRegistry] Try to lookup handler by routine key(18_206_).
[2015-05-29 17:13:34,975][Test worker][DEBUG][RoutineRegistry] Try to lookup handler by routine key(-1_206_).
[2015-05-29 17:13:34,975][Test worker][DEBUG][RoutineRegistry] Lookup controller by key(-1_206_), found controller(com.mpos.lottery.te.trans.TransactionController@53ddecd8) and method(public void com.mpos.lottery.te.trans.TransactionController.cancelByTrans(com.mpos.lottery.te.port.Context,com.mpos.lottery.te.port.Context) throws com.mpos.lottery.te.config.exception.ApplicationException).
[2015-05-29 17:13:34,981][Test worker][DEBUG][ReversalOrCancelStrategyFactory] Found ReversalStrategy(class com.mpos.lottery.te.gameimpl.magic100.sale.service.Magic100SaleService) to cancel transaction(gameType=18,terminalId=111,transType=200,protocolVersion=1.5.0).
[2015-05-29 17:13:34,993][Test worker][DEBUG][DefaultBalanceService] Operator before transaction -  Operator [id=OPERATOR-111, loginName=OPERATOR-LOGIN, creditType=1, saleCreditLevel=199999700, payoutCreditLevel=2000, cashoutBalance=0, commisionBalance=230]
[2015-05-29 17:13:34,993][Test worker][DEBUG][DefaultBalanceService] Found balance strategy:com.mpos.lottery.te.merchant.service.balance.SaleBalanceStrategy@e1f8aba
[2015-05-29 17:13:34,993][Test worker][DEBUG][DefaultBalanceService] Operator after transaction -  Operator [id=OPERATOR-111, loginName=OPERATOR-LOGIN, creditType=1, saleCreditLevel=200000000, payoutCreditLevel=2000, cashoutBalance=0, commisionBalance=230]
[2015-05-29 17:13:35,019][Test worker][DEBUG][DefaultBalanceService] Operator before transaction -  Operator [id=OPERATOR-111, loginName=OPERATOR-LOGIN, creditType=1, saleCreditLevel=200000000, payoutCreditLevel=2000, cashoutBalance=0, commisionBalance=0]
[2015-05-29 17:13:35,019][Test worker][DEBUG][DefaultBalanceService] Found balance strategy:com.mpos.lottery.te.merchant.service.balance.PayoutBalanceStrategy@57df81d2
[2015-05-29 17:13:35,019][Test worker][DEBUG][DefaultBalanceService] Operator after transaction -  Operator [id=OPERATOR-111, loginName=OPERATOR-LOGIN, creditType=1, saleCreditLevel=200000000, payoutCreditLevel=1000, cashoutBalance=0, commisionBalance=0]
[2015-05-29 17:13:35,023][Test worker][DEBUG][CommonFacadeService] Prepare to publish message to exchange[TE.200] with routing key[TE.CANCEL.200.18]: origTrans {
  id: "0115052900000000001776"
  dev_id: "111"
  operator_id: "OPERATOR-111"
  merchant_id: "111"
  create_time: 1432890814000
  trans_type: 200
  game_id: "LK-1"
  game_type: 18
  total_amount: "300"
}
cancelTrans {
  id: "0115052900000000001782"
  dev_id: "111"
  operator_id: "OPERATOR-111"
  merchant_id: "111"
  create_time: 1432890814000
  trans_type: 206
  game_id: "LK-1"
  game_type: 18
  total_amount: "300"
}

[2015-05-29 17:13:35,024][Test worker][DEBUG][CommonFacadeService] Publish message successfully
[2015-05-29 17:13:35,024][Test worker][DEBUG][ProtocolSerializer] Finish mac(macKey=P2Bbo6+bSSR9O2Qc89f3b4oHTyE1V2gF,macString=Protocal-Version:1.5|GPE_Id:GPE-111|Terminal-Id:111|Operator-Id:OPERATOR-111|Trans-BatchNumber:20150529|TractMsg-Id:1432890814962|Timestamp:20150529171334|Transaction-Type:4206|Transaction-Id:0115052900000000001782|Response-Code:200|):5494d5424eefe0de8afded5a8fe306a8
[2015-05-29 17:13:35,024][Test worker][DEBUG][BaseServletIntegrationTest] Got response(code=200,length=0): 
[2015-05-29 17:13:35,025][Test worker][DEBUG][MLotteryContext] find mapping file definition(xml-mapping/game/magic100/SellTicket_Req.xml) by key(18.transtype.200).
[2015-05-29 17:13:35,025][Test worker][DEBUG][CastorHelper] Finish marshaling input(typeclass com.mpos.lottery.te.gameimpl.magic100.sale.Magic100Ticket, mappingFile=xml-mapping/game/magic100/SellTicket_Req.xml).
[2015-05-29 17:13:35,025][Test worker][DEBUG][BaseServletIntegrationTest] Do MAC(key=P2Bbo6+bSSR9O2Qc89f3b4oHTyE1V2gF) on (Protocal-Version:1.5|GPE_Id:GPE-111|Terminal-Id:111|Operator-Id:OPERATOR-111|Trans-BatchNumber:20150529|TractMsg-Id:1432890815024|Timestamp:20150529171335|Transaction-Type:200|Transaction-Id:|Response-Code:|<?xml version="1.0" encoding="UTF-8"?>
<Ticket multipleDraws="1" totalAmount="300.0" PIN="!!!!"><GameDraw number="001" gameId="LK-1"/><Entry selectedNumber="PLAY" betOption="1" inputChannel="0" totalBets="3"/><User mobile="138000138000"/></Ticket>,hash=513487929), get digest:9fcf3da707983fd082f49bb9611d03f5
[2015-05-29 17:13:35,026][Test worker][DEBUG][TEPortServlet] Got request header(name=X-Transaction-Type, value=200).
[2015-05-29 17:13:35,026][Test worker][DEBUG][TEPortServlet] Got request header(name=X-Protocal-Version, value=1.5).
[2015-05-29 17:13:35,026][Test worker][DEBUG][TEPortServlet] Got request header(name=X-Timestamp, value=20150529171335).
[2015-05-29 17:13:35,026][Test worker][DEBUG][TEPortServlet] Got request header(name=X-GPE-Id, value=GPE-111).
[2015-05-29 17:13:35,026][Test worker][DEBUG][TEPortServlet] Got request header(name=X-Trace-Message-Id, value=1432890815024).
[2015-05-29 17:13:35,026][Test worker][DEBUG][TEPortServlet] Got request header(name=X-Operator-Id, value=OPERATOR-111).
[2015-05-29 17:13:35,026][Test worker][DEBUG][TEPortServlet] Got request header(name=X-Terminal-Id, value=111).
[2015-05-29 17:13:35,026][Test worker][DEBUG][TEPortServlet] Got request header(name=X-MAC, value=9fcf3da707983fd082f49bb9611d03f5).
[2015-05-29 17:13:35,026][Test worker][DEBUG][TEPortServlet] Got request header(name=X-Game-Type-Id, value=18).
[2015-05-29 17:13:35,026][Test worker][DEBUG][TEPortServlet] Got request header(name=X-Trans-BatchNumber, value=20150529).
[2015-05-29 17:13:35,026][Test worker][DEBUG][TEPortServlet] Got request header(name=X-GPS-Location, value=40.714353,-74.005973).
[2015-05-29 17:13:35,027][Test worker][DEBUG][TEPortServlet] Got request from localhost, and the message body is:pq3FqO8HCcAnaobA+xpVnADmrnwj1vrK59BGhqvtskYFWTsa2cbe6vvj1C28m6E+ybhcq2GHfnfSvzUuvi5gIW+x7OzQghYnuO2taDRjXWCxHHHe4Qt36fAfFB33rSVDACrbWnPg/DemXvJASO7iCLuAO4gyCEnDo0YmXYatjtvx/4vawF5fmKvcy6y3OGpne4KYTTRzaz+rF0MDrXB++dOTvd5Fn6AkBiVVDSSby3fO4ETpZWFpBI2KUCNpMdGMU5l6EM+5IolpRDkWHrNZPUabJ+SyUo2qmTSgiOa5rwtdKi3DsJ+KQz7CwuaOvv+AitkgcNKdy64=.
[2015-05-29 17:13:35,027][Test worker][DEBUG][ProtocolSerializer] Start to deserialize request context(Protocal-Version:1.5|GPE_Id:GPE-111|Terminal-Id:111|Operator-Id:OPERATOR-111|Trans-BatchNumber:20150529|TractMsg-Id:1432890815024|Timestamp:20150529171335|Transaction-Type:200|Transaction-Id:|Response-Code:|).
[2015-05-29 17:13:35,028][Test worker][DEBUG][ProtocolSerializer] Finish decrypting cipher into original xml:<?xml version="1.0" encoding="UTF-8"?>
<Ticket multipleDraws="1" totalAmount="300.0" PIN="!!!!"><GameDraw number="001" gameId="LK-1"/><Entry selectedNumber="PLAY" betOption="1" inputChannel="0" totalBets="3"/><User mobile="138000138000"/></Ticket>
[2015-05-29 17:13:35,028][Test worker][DEBUG][ProtocolSerializer] Start to do MAC(key=P2Bbo6+bSSR9O2Qc89f3b4oHTyE1V2gF) on (Protocal-Version:1.5|GPE_Id:GPE-111|Terminal-Id:111|Operator-Id:OPERATOR-111|Trans-BatchNumber:20150529|TractMsg-Id:1432890815024|Timestamp:20150529171335|Transaction-Type:200|Transaction-Id:|Response-Code:|<?xml version="1.0" encoding="UTF-8"?>
<Ticket multipleDraws="1" totalAmount="300.0" PIN="!!!!"><GameDraw number="001" gameId="LK-1"/><Entry selectedNumber="PLAY" betOption="1" inputChannel="0" totalBets="3"/><User mobile="138000138000"/></Ticket>,hash=513487929), get digest:9fcf3da707983fd082f49bb9611d03f5
[2015-05-29 17:13:35,028][Test worker][DEBUG][MLotteryContext] find mapping file definition(xml-mapping/game/magic100/SellTicket_Req.xml) by key(18.transtype.200).
[2015-05-29 17:13:35,028][Test worker][DEBUG][ProtocolSerializer] Start to deserialize model: model=null,mappingFile=xml-mapping/game/magic100/SellTicket_Req.xml
[2015-05-29 17:13:35,028][Test worker][DEBUG][MLotteryContext] find mapping file definition(xml-mapping/game/magic100/SellTicket_Req.xml) by key(18.transtype.200).
[2015-05-29 17:13:35,042][Test worker][DEBUG][RoutineRegistry] Try to lookup handler by routine key(18_200_1.5.0).
[2015-05-29 17:13:35,042][Test worker][DEBUG][RoutineRegistry] Try to lookup handler by routine key(18_200_).
[2015-05-29 17:13:35,042][Test worker][DEBUG][RoutineRegistry] Lookup controller by key(18_200_), found controller(com.mpos.lottery.te.gameimpl.magic100.Magic100Controller@7081c100) and method(public void com.mpos.lottery.te.gameimpl.magic100.Magic100Controller.sell(com.mpos.lottery.te.port.Context,com.mpos.lottery.te.port.Context) throws com.mpos.lottery.te.config.exception.ApplicationException).
[2015-05-29 17:13:35,050][Test worker][INFO ][AbstractGameInstanceService] No channel game instance time definiton found, ignore it.
[2015-05-29 17:13:35,051][Test worker][DEBUG][UUIDServiceImpl] Assemble a new ticket serial number:01111745819300013819
[2015-05-29 17:13:35,062][Test worker][DEBUG][DefaultLuckyNumberService] Use lucky number from REQUEUED RANGE(id=0115052900000000001783) instead of main cycle.
[2015-05-29 17:13:35,062][Test worker][DEBUG][DefaultTicketValidator] THe max allowed multi-draw of operation parameter is 10, merchant limit to 3, the smaller 3 will be used.
[2015-05-29 17:13:35,077][Test worker][DEBUG][DefaultBalanceService] Operator before transaction -  Operator [id=OPERATOR-111, loginName=OPERATOR-LOGIN, creditType=1, saleCreditLevel=200000000, payoutCreditLevel=1000, cashoutBalance=0, commisionBalance=0]
[2015-05-29 17:13:35,077][Test worker][DEBUG][DefaultBalanceService] Found balance strategy:com.mpos.lottery.te.merchant.service.balance.PayoutBalanceStrategy@57df81d2
[2015-05-29 17:13:35,077][Test worker][DEBUG][DefaultBalanceService] Operator after transaction -  Operator [id=OPERATOR-111, loginName=OPERATOR-LOGIN, creditType=1, saleCreditLevel=200000000, payoutCreditLevel=2000, cashoutBalance=0, commisionBalance=0]
[2015-05-29 17:13:35,090][Test worker][DEBUG][DefaultBalanceService] Operator before transaction -  Operator [id=OPERATOR-111, loginName=OPERATOR-LOGIN, creditType=1, saleCreditLevel=200000000, payoutCreditLevel=2000, cashoutBalance=0, commisionBalance=200]
[2015-05-29 17:13:35,090][Test worker][DEBUG][DefaultBalanceService] Found balance strategy:com.mpos.lottery.te.merchant.service.balance.SaleBalanceStrategy@e1f8aba
[2015-05-29 17:13:35,090][Test worker][DEBUG][DefaultBalanceService] Operator after transaction -  Operator [id=OPERATOR-111, loginName=OPERATOR-LOGIN, creditType=1, saleCreditLevel=199999700.0, payoutCreditLevel=2000, cashoutBalance=0, commisionBalance=200]
[2015-05-29 17:13:35,100][Test worker][DEBUG][CommonFacadeService] Prepare to publish message to exchange[TE.200] with routing key[TE.200.18]: transaction {
  id: "0115052900000000001787"
  dev_id: "111"
  operator_id: "OPERATOR-111"
  merchant_id: "111"
  create_time: 1432890815000
  trans_type: 200
  game_id: "LK-1"
  game_type: 18
  total_amount: "300.0"
}
multi_draw: 1
total_amount: "300.0"
serial_no: "y013eOifYgIYr8cogzQpk9Zwc85GA4fG"
game_instance {
  id: "GII-111"
}
entries {
  selected_number: "8"
  bet_option: 1
  total_bets: 1
  entry_amount: "100"
  input_channel: "0"
}
entries {
  selected_number: "9"
  bet_option: 1
  total_bets: 1
  entry_amount: "100"
  input_channel: "0"
}
entries {
  selected_number: "10"
  bet_option: 1
  total_bets: 1
  entry_amount: "100"
  input_channel: "0"
}

[2015-05-29 17:13:35,100][Test worker][DEBUG][CommonFacadeService] Publish message successfully
[2015-05-29 17:13:35,100][Test worker][DEBUG][MLotteryContext] find mapping file definition(xml-mapping/game/magic100/SellTicket_Res.xml) by key(18.transtype.4200).
[2015-05-29 17:13:35,100][Test worker][DEBUG][ProtocolSerializer] Start to serialize model(class com.mpos.lottery.te.gameimpl.magic100.sale.Magic100Ticket),mappingFile=xml-mapping/game/magic100/SellTicket_Res.xml
[2015-05-29 17:13:35,100][Test worker][DEBUG][MLotteryContext] find mapping file definition(xml-mapping/game/magic100/SellTicket_Res.xml) by key(18.transtype.4200).
[2015-05-29 17:13:35,101][Test worker][DEBUG][CastorHelper] Finish marshaling input(typeclass com.mpos.lottery.te.gameimpl.magic100.sale.Magic100Ticket, mappingFile=xml-mapping/game/magic100/SellTicket_Res.xml).
[2015-05-29 17:13:35,101][Test worker][DEBUG][ProtocolSerializer] Finish mac(macKey=P2Bbo6+bSSR9O2Qc89f3b4oHTyE1V2gF,macString=Protocal-Version:1.5|GPE_Id:GPE-111|Terminal-Id:111|Operator-Id:OPERATOR-111|Trans-BatchNumber:20150529|TractMsg-Id:1432890815024|Timestamp:20150529171335|Transaction-Type:4200|Transaction-Id:0115052900000000001787|Response-Code:200|<?xml version="1.0" encoding="UTF-8"?>
<Ticket serialNo="01111745819300013819" barcode="18cK/u9hwZY2Rogq4k24Oeg4G3HSlAl9EbjLdf+UJJlt9Se2CWmp8xas1YeK2m7FOQeoOSSVbjmyc=" validationCode="907554" type="1" multipleDraws="1" lastDrawNo="001" totalBets="3" totalAmount="300.00" isWinning="1"><GameDraw number="001" gameId="LK-1"/><Entry selectedNumber="8" betOption="1" inputChannel="0" isWinning="1" prizeAmount="1000" taxAmount="0" entryAmount="100"/><Entry selectedNumber="9" betOption="1" inputChannel="0" isWinning="0" prizeAmount="0" taxAmount="0" entryAmount="100"/><Entry selectedNumber="10" betOption="1" inputChannel="0" isWinning="0" prizeAmount="0" taxAmount="0" entryAmount="100"/></Ticket>):2e60e2b3ad9738b45b69651c48152d3f
[2015-05-29 17:13:35,101][Test worker][DEBUG][TEPortServlet] Write response to client(host1=localhost,sizeOfPack=940) succesfully.
[2015-05-29 17:13:35,102][Test worker][DEBUG][BaseServletIntegrationTest] Got response(code=200,length=940): <?xml version="1.0" encoding="UTF-8"?>
<Ticket serialNo="01111745819300013819" barcode="18cK/u9hwZY2Rogq4k24Oeg4G3HSlAl9EbjLdf+UJJlt9Se2CWmp8xas1YeK2m7FOQeoOSSVbjmyc=" validationCode="907554" type="1" multipleDraws="1" lastDrawNo="001" totalBets="3" totalAmount="300.00" isWinning="1"><GameDraw number="001" gameId="LK-1"/><Entry selectedNumber="8" betOption="1" inputChannel="0" isWinning="1" prizeAmount="1000" taxAmount="0" entryAmount="100"/><Entry selectedNumber="9" betOption="1" inputChannel="0" isWinning="0" prizeAmount="0" taxAmount="0" entryAmount="100"/><Entry selectedNumber="10" betOption="1" inputChannel="0" isWinning="0" prizeAmount="0" taxAmount="0" entryAmount="100"/></Ticket>
[2015-05-29 17:13:35,102][Test worker][DEBUG][MLotteryContext] find mapping file definition(xml-mapping/game/magic100/SellTicket_Res.xml) by key(18.transtype.4200).
[2015-05-29 17:13:35,130][Test worker][DEBUG][TEPortServlet] Startup job scheduer(org.quartz.impl.StdScheduler@4d1e5820) successfully.
[2015-05-29 17:13:35,130][Test worker][WARN ][TEPortServlet] can NOT find META file:F:\project\M.Lottery\TE\TRUNK_TE\sourcecode\build\classes\main\META-INF\MANIFEST.MF
[2015-05-29 17:13:35,130][Test worker][DEBUG][TEPortServlet] Register MBean(com.mpos.lottery.te.common.jmx.TransactionTimeout@7306edc) with name(com.mpos.lottery.te:type=TransactionTimeoutMBean) successfully.
[2015-05-29 17:13:35,130][Test worker][DEBUG][BaseTransactionalIntegrationTest] Retrieve a ApplicationContext(org.springframework.web.context.support.GenericWebApplicationContext@34f645a8: startup date [Fri May 29 17:12:38 CST 2015]; root of context hierarchy).
[2015-05-29 17:13:35,131][Test worker][INFO ][BaseTransactionalIntegrationTest] +------------------------------------------------------------------------------------------------------------------------+
[2015-05-29 17:13:35,131][Test worker][INFO ][BaseTransactionalIntegrationTest] | Magic100SaleCancellationIntegrationTest.testCancelByTicket_WinningSale_Operator_UseParent                              |
[2015-05-29 17:13:35,131][Test worker][INFO ][BaseTransactionalIntegrationTest] +------------------------------------------------------------------------------------------------------------------------+
[2015-05-29 17:13:35,135][Test worker][DEBUG][MLotteryContext] find mapping file definition(xml-mapping/game/magic100/SellTicket_Req.xml) by key(18.transtype.200).
[2015-05-29 17:13:35,136][Test worker][DEBUG][CastorHelper] Finish marshaling input(typeclass com.mpos.lottery.te.gameimpl.magic100.sale.Magic100Ticket, mappingFile=xml-mapping/game/magic100/SellTicket_Req.xml).
[2015-05-29 17:13:35,136][Test worker][DEBUG][BaseServletIntegrationTest] Do MAC(key=P2Bbo6+bSSR9O2Qc89f3b4oHTyE1V2gF) on (Protocal-Version:1.5|GPE_Id:GPE-111|Terminal-Id:111|Operator-Id:OPERATOR-111|Trans-BatchNumber:20150529|TractMsg-Id:1432890815135|Timestamp:20150529171335|Transaction-Type:200|Transaction-Id:|Response-Code:|<?xml version="1.0" encoding="UTF-8"?>
<Ticket multipleDraws="1" totalAmount="300.0" PIN="!!!!"><GameDraw number="001" gameId="LK-1"/><Entry selectedNumber="PLAY" betOption="1" inputChannel="0" totalBets="3"/><User mobile="138000138000"/></Ticket>,hash=-908321544), get digest:b8d9649aa14fd34958549c6cbf031d43
[2015-05-29 17:13:35,136][Test worker][DEBUG][TEPortServlet] Got request header(name=X-Transaction-Type, value=200).
[2015-05-29 17:13:35,136][Test worker][DEBUG][TEPortServlet] Got request header(name=X-Protocal-Version, value=1.5).
[2015-05-29 17:13:35,136][Test worker][DEBUG][TEPortServlet] Got request header(name=X-Timestamp, value=20150529171335).
[2015-05-29 17:13:35,136][Test worker][DEBUG][TEPortServlet] Got request header(name=X-GPE-Id, value=GPE-111).
[2015-05-29 17:13:35,136][Test worker][DEBUG][TEPortServlet] Got request header(name=X-Trace-Message-Id, value=1432890815135).
[2015-05-29 17:13:35,136][Test worker][DEBUG][TEPortServlet] Got request header(name=X-Operator-Id, value=OPERATOR-111).
[2015-05-29 17:13:35,136][Test worker][DEBUG][TEPortServlet] Got request header(name=X-Terminal-Id, value=111).
[2015-05-29 17:13:35,136][Test worker][DEBUG][TEPortServlet] Got request header(name=X-MAC, value=b8d9649aa14fd34958549c6cbf031d43).
[2015-05-29 17:13:35,136][Test worker][DEBUG][TEPortServlet] Got request header(name=X-Game-Type-Id, value=18).
[2015-05-29 17:13:35,136][Test worker][DEBUG][TEPortServlet] Got request header(name=X-Trans-BatchNumber, value=20150529).
[2015-05-29 17:13:35,137][Test worker][DEBUG][TEPortServlet] Got request header(name=X-GPS-Location, value=40.714353,-74.005973).
[2015-05-29 17:13:35,138][Test worker][DEBUG][TEPortServlet] Got request from localhost, and the message body is:pq3FqO8HCcAnaobA+xpVnADmrnwj1vrK59BGhqvtskYFWTsa2cbe6vvj1C28m6E+ybhcq2GHfnfSvzUuvi5gIW+x7OzQghYnuO2taDRjXWCxHHHe4Qt36fAfFB33rSVDACrbWnPg/DemXvJASO7iCLuAO4gyCEnDo0YmXYatjtvx/4vawF5fmKvcy6y3OGpne4KYTTRzaz+rF0MDrXB++dOTvd5Fn6AkBiVVDSSby3fO4ETpZWFpBI2KUCNpMdGMU5l6EM+5IolpRDkWHrNZPUabJ+SyUo2qmTSgiOa5rwtdKi3DsJ+KQz7CwuaOvv+AitkgcNKdy64=.
[2015-05-29 17:13:35,138][Test worker][DEBUG][ProtocolSerializer] Start to deserialize request context(Protocal-Version:1.5|GPE_Id:GPE-111|Terminal-Id:111|Operator-Id:OPERATOR-111|Trans-BatchNumber:20150529|TractMsg-Id:1432890815135|Timestamp:20150529171335|Transaction-Type:200|Transaction-Id:|Response-Code:|).
[2015-05-29 17:13:35,139][Test worker][DEBUG][ProtocolSerializer] Finish decrypting cipher into original xml:<?xml version="1.0" encoding="UTF-8"?>
<Ticket multipleDraws="1" totalAmount="300.0" PIN="!!!!"><GameDraw number="001" gameId="LK-1"/><Entry selectedNumber="PLAY" betOption="1" inputChannel="0" totalBets="3"/><User mobile="138000138000"/></Ticket>
[2015-05-29 17:13:35,139][Test worker][DEBUG][ProtocolSerializer] Start to do MAC(key=P2Bbo6+bSSR9O2Qc89f3b4oHTyE1V2gF) on (Protocal-Version:1.5|GPE_Id:GPE-111|Terminal-Id:111|Operator-Id:OPERATOR-111|Trans-BatchNumber:20150529|TractMsg-Id:1432890815135|Timestamp:20150529171335|Transaction-Type:200|Transaction-Id:|Response-Code:|<?xml version="1.0" encoding="UTF-8"?>
<Ticket multipleDraws="1" totalAmount="300.0" PIN="!!!!"><GameDraw number="001" gameId="LK-1"/><Entry selectedNumber="PLAY" betOption="1" inputChannel="0" totalBets="3"/><User mobile="138000138000"/></Ticket>,hash=-908321544), get digest:b8d9649aa14fd34958549c6cbf031d43
[2015-05-29 17:13:35,139][Test worker][DEBUG][MLotteryContext] find mapping file definition(xml-mapping/game/magic100/SellTicket_Req.xml) by key(18.transtype.200).
[2015-05-29 17:13:35,139][Test worker][DEBUG][ProtocolSerializer] Start to deserialize model: model=null,mappingFile=xml-mapping/game/magic100/SellTicket_Req.xml
[2015-05-29 17:13:35,139][Test worker][DEBUG][MLotteryContext] find mapping file definition(xml-mapping/game/magic100/SellTicket_Req.xml) by key(18.transtype.200).
[2015-05-29 17:13:35,150][Test worker][DEBUG][RoutineRegistry] Try to lookup handler by routine key(18_200_1.5.0).
[2015-05-29 17:13:35,150][Test worker][DEBUG][RoutineRegistry] Try to lookup handler by routine key(18_200_).
[2015-05-29 17:13:35,150][Test worker][DEBUG][RoutineRegistry] Lookup controller by key(18_200_), found controller(com.mpos.lottery.te.gameimpl.magic100.Magic100Controller@7081c100) and method(public void com.mpos.lottery.te.gameimpl.magic100.Magic100Controller.sell(com.mpos.lottery.te.port.Context,com.mpos.lottery.te.port.Context) throws com.mpos.lottery.te.config.exception.ApplicationException).
[2015-05-29 17:13:35,157][Test worker][INFO ][AbstractGameInstanceService] No channel game instance time definiton found, ignore it.
[2015-05-29 17:13:35,157][Test worker][DEBUG][UUIDServiceImpl] Assemble a new ticket serial number:01111745819300013958
[2015-05-29 17:13:35,173][Test worker][DEBUG][DefaultLuckyNumberService] Use lucky number from REQUEUED RANGE(id=2) instead of main cycle.
[2015-05-29 17:13:35,174][Test worker][DEBUG][DefaultTicketValidator] THe max allowed multi-draw of operation parameter is 10, merchant limit to 3, the smaller 3 will be used.
[2015-05-29 17:13:35,179][Test worker][DEBUG][DefaultBalanceService] Ignore balance calculation of Operator [id=OPERATOR-111, loginName=OPERATOR-LOGIN, creditType=4, saleCreditLevel=200000000, payoutCreditLevel=1000, cashoutBalance=0, commisionBalance=0], as its credit type is USE PARENT... check its parent merchant
[2015-05-29 17:13:35,191][Test worker][DEBUG][DefaultBalanceService] Merchant before transaction: Merchant [id=111, name=M-111, saleCreditLevel=100000000, payoutCreditLevel=1000, creditType=1, cashoutBalance=0, commisionBalance=0]
[2015-05-29 17:13:35,191][Test worker][DEBUG][DefaultBalanceService] Found balance strategy:com.mpos.lottery.te.merchant.service.balance.PayoutBalanceStrategy@57df81d2
[2015-05-29 17:13:35,191][Test worker][DEBUG][DefaultBalanceService] Merchant after transaction -  Operator [id=OPERATOR-111, loginName=OPERATOR-LOGIN, creditType=4, saleCreditLevel=200000000, payoutCreditLevel=1000, cashoutBalance=0, commisionBalance=0]
[...]
[2015-05-29 17:13:35,336][Test worker][DEBUG][TEPortServlet] Register MBean(com.mpos.lottery.te.common.jmx.TransactionTimeout@758f5bed) with name(com.mpos.lottery.te:type=TransactionTimeoutMBean) successfully.
[2015-05-29 17:13:35,336][Test worker][DEBUG][BaseTransactionalIntegrationTest] Retrieve a ApplicationContext(org.springframework.web.context.support.GenericWebApplicationContext@34f645a8: startup date [Fri May 29 17:12:38 CST 2015]; root of context hierarchy).
[2015-05-29 17:13:35,336][Test worker][INFO ][BaseTransactionalIntegrationTest] +------------------------------------------------------------------------------------------------------------------------+
[2015-05-29 17:13:35,336][Test worker][INFO ][BaseTransactionalIntegrationTest] | Magic100SaleCancellationIntegrationTest.testCancelByTicket_WinningSale_Manually                                        |
[2015-05-29 17:13:35,336][Test worker][INFO ][BaseTransactionalIntegrationTest] +------------------------------------------------------------------------------------------------------------------------+
[2015-05-29 17:13:35,337][Test worker][DEBUG][MLotteryContext] find mapping file definition(xml-mapping/game/magic100/SellTicket_Req.xml) by key(18.transtype.200).
[2015-05-29 17:13:35,337][Test worker][DEBUG][CastorHelper] Finish marshaling input(typeclass com.mpos.lottery.te.gameimpl.magic100.sale.Magic100Ticket, mappingFile=xml-mapping/game/magic100/SellTicket_Req.xml).
[2015-05-29 17:13:35,338][Test worker][DEBUG][BaseServletIntegrationTest] Do MAC(key=P2Bbo6+bSSR9O2Qc89f3b4oHTyE1V2gF) on (Protocal-Version:1.5|GPE_Id:GPE-111|Terminal-Id:111|Operator-Id:OPERATOR-111|Trans-BatchNumber:20150529|TractMsg-Id:1432890815336|Timestamp:20150529171335|Transaction-Type:200|Transaction-Id:|Response-Code:|<?xml version="1.0" encoding="UTF-8"?>
<Ticket multipleDraws="1" totalAmount="300.0" PIN="!!!!"><GameDraw number="001" gameId="LK-1"/><Entry selectedNumber="PLAY" betOption="1" inputChannel="0" totalBets="3"/><User mobile="138000138000"/></Ticket>,hash=801916757), get digest:d7b4c535545daffea66eecf7e063ccbd
[2015-05-29 17:13:35,338][Test worker][DEBUG][TEPortServlet] Got request header(name=X-Transaction-Type, value=200).
[2015-05-29 17:13:35,338][Test worker][DEBUG][TEPortServlet] Got request header(name=X-Protocal-Version, value=1.5).
[2015-05-29 17:13:35,338][Test worker][DEBUG][TEPortServlet] Got request header(name=X-Timestamp, value=20150529171335).
[2015-05-29 17:13:35,338][Test worker][DEBUG][TEPortServlet] Got request header(name=X-GPE-Id, value=GPE-111).
[2015-05-29 17:13:35,338][Test worker][DEBUG][TEPortServlet] Got request header(name=X-Trace-Message-Id, value=1432890815336).
[2015-05-29 17:13:35,338][Test worker][DEBUG][TEPortServlet] Got request header(name=X-Operator-Id, value=OPERATOR-111).
[2015-05-29 17:13:35,338][Test worker][DEBUG][TEPortServlet] Got request header(name=X-Terminal-Id, value=111).
[2015-05-29 17:13:35,338][Test worker][DEBUG][TEPortServlet] Got request header(name=X-MAC, value=d7b4c535545daffea66eecf7e063ccbd).
[2015-05-29 17:13:35,338][Test worker][DEBUG][TEPortServlet] Got request header(name=X-Game-Type-Id, value=18).
[2015-05-29 17:13:35,338][Test worker][DEBUG][TEPortServlet] Got request header(name=X-Trans-BatchNumber, value=20150529).
[2015-05-29 17:13:35,338][Test worker][DEBUG][TEPortServlet] Got request header(name=X-GPS-Location, value=40.714353,-74.005973).
[2015-05-29 17:13:35,340][Test worker][DEBUG][TEPortServlet] Got request from localhost, and the message body is:pq3FqO8HCcAnaobA+xpVnADmrnwj1vrK59BGhqvtskYFWTsa2cbe6vvj1C28m6E+ybhcq2GHfnfSvzUuvi5gIW+x7OzQghYnuO2taDRjXWCxHHHe4Qt36fAfFB33rSVDACrbWnPg/DemXvJASO7iCLuAO4gyCEnDo0YmXYatjtvx/4vawF5fmKvcy6y3OGpne4KYTTRzaz+rF0MDrXB++dOTvd5Fn6AkBiVVDSSby3fO4ETpZWFpBI2KUCNpMdGMU5l6EM+5IolpRDkWHrNZPUabJ+SyUo2qmTSgiOa5rwtdKi3DsJ+KQz7CwuaOvv+AitkgcNKdy64=.
[2015-05-29 17:13:35,340][Test worker][DEBUG][ProtocolSerializer] Start to deserialize request context(Protocal-Version:1.5|GPE_Id:GPE-111|Terminal-Id:111|Operator-Id:OPERATOR-111|Trans-BatchNumber:20150529|TractMsg-Id:1432890815336|Timestamp:20150529171335|Transaction-Type:200|Transaction-Id:|Response-Code:|).
[2015-05-29 17:13:35,340][Test worker][DEBUG][ProtocolSerializer] Finish decrypting cipher into original xml:<?xml version="1.0" encoding="UTF-8"?>
<Ticket multipleDraws="1" totalAmount="300.0" PIN="!!!!"><GameDraw number="001" gameId="LK-1"/><Entry selectedNumber="PLAY" betOption="1" inputChannel="0" totalBets="3"/><User mobile="138000138000"/></Ticket>
[2015-05-29 17:13:35,340][Test worker][DEBUG][ProtocolSerializer] Start to do MAC(key=P2Bbo6+bSSR9O2Qc89f3b4oHTyE1V2gF) on (Protocal-Version:1.5|GPE_Id:GPE-111|Terminal-Id:111|Operator-Id:OPERATOR-111|Trans-BatchNumber:20150529|TractMsg-Id:1432890815336|Timestamp:20150529171335|Transaction-Type:200|Transaction-Id:|Response-Code:|<?xml version="1.0" encoding="UTF-8"?>
<Ticket multipleDraws="1" totalAmount="300.0" PIN="!!!!"><GameDraw number="001" gameId="LK-1"/><Entry selectedNumber="PLAY" betOption="1" inputChannel="0" totalBets="3"/><User mobile="138000138000"/></Ticket>,hash=801916757), get digest:d7b4c535545daffea66eecf7e063ccbd
[2015-05-29 17:13:35,340][Test worker][DEBUG][MLotteryContext] find mapping file definition(xml-mapping/game/magic100/SellTicket_Req.xml) by key(18.transtype.200).
[2015-05-29 17:13:35,340][Test worker][DEBUG][ProtocolSerializer] Start to deserialize model: model=null,mappingFile=xml-mapping/game/magic100/SellTicket_Req.xml
[2015-05-29 17:13:35,340][Test worker][DEBUG][MLotteryContext] find mapping file definition(xml-mapping/game/magic100/SellTicket_Req.xml) by key(18.transtype.200).
[2015-05-29 17:13:35,352][Test worker][DEBUG][RoutineRegistry] Try to lookup handler by routine key(18_200_1.5.0).
[2015-05-29 17:13:35,353][Test worker][DEBUG][RoutineRegistry] Try to lookup handler by routine key(18_200_).
[2015-05-29 17:13:35,353][Test worker][DEBUG][RoutineRegistry] Lookup controller by key(18_200_), found controller(com.mpos.lottery.te.gameimpl.magic100.Magic100Controller@7081c100) and method(public void com.mpos.lottery.te.gameimpl.magic100.Magic100Controller.sell(com.mpos.lottery.te.port.Context,com.mpos.lottery.te.port.Context) throws com.mpos.lottery.te.config.exception.ApplicationException).
[2015-05-29 17:13:35,359][Test worker][INFO ][AbstractGameInstanceService] No channel game instance time definiton found, ignore it.
[2015-05-29 17:13:35,360][Test worker][DEBUG][UUIDServiceImpl] Assemble a new ticket serial number:01111745819300014073
[2015-05-29 17:13:35,372][Test worker][DEBUG][DefaultLuckyNumberService] Use lucky number from REQUEUED RANGE(id=2) instead of main cycle.
[2015-05-29 17:13:35,372][Test worker][DEBUG][DefaultTicketValidator] THe max allowed multi-draw of operation parameter is 10, merchant limit to 3, the smaller 3 will be used.
[2015-05-29 17:13:35,386][Test worker][DEBUG][DefaultBalanceService] Operator before transaction -  Operator [id=OPERATOR-111, loginName=OPERATOR-LOGIN, creditType=1, saleCreditLevel=200000000, payoutCreditLevel=1000, cashoutBalance=0, commisionBalance=0]
[2015-05-29 17:13:35,386][Test worker][DEBUG][DefaultBalanceService] Found balance strategy:com.mpos.lottery.te.merchant.service.balance.PayoutBalanceStrategy@57df81d2
[2015-05-29 17:13:35,386][Test worker][DEBUG][DefaultBalanceService] Operator after transaction -  Operator [id=OPERATOR-111, loginName=OPERATOR-LOGIN, creditType=1, saleCreditLevel=200000000, payoutCreditLevel=2000, cashoutBalance=0, commisionBalance=0]
[2015-05-29 17:13:35,397][Test worker][DEBUG][DefaultBalanceService] Operator before transaction -  Operator [id=OPERATOR-111, loginName=OPERATOR-LOGIN, creditType=1, saleCreditLevel=200000000, payoutCreditLevel=2000, cashoutBalance=0, commisionBalance=200]
[2015-05-29 17:13:35,397][Test worker][DEBUG][DefaultBalanceService] Found balance strategy:com.mpos.lottery.te.merchant.service.balance.SaleBalanceStrategy@e1f8aba
[2015-05-29 17:13:35,397][Test worker][DEBUG][DefaultBalanceService] Operator after transaction -  Operator [id=OPERATOR-111, loginName=OPERATOR-LOGIN, creditType=1, saleCreditLevel=199999700.0, payoutCreditLevel=2000, cashoutBalance=0, commisionBalance=200]
[2015-05-29 17:13:35,406][Test worker][DEBUG][CommonFacadeService] Prepare to publish message to exchange[TE.200] with routing key[TE.200.18]: transaction {
  id: "0115052900000000001804"
  dev_id: "111"
  operator_id: "OPERATOR-111"
  merchant_id: "111"
  create_time: 1432890815000
  trans_type: 200
  game_id: "LK-1"
  game_type: 18
  total_amount: "300.0"
}
multi_draw: 1
total_amount: "300.0"
serial_no: "y013eOifYgIYr8cogzQpk1D21Hi14x1G"
game_instance {
  id: "GII-111"
}
entries {
  selected_number: "6"
  bet_option: 1
  total_bets: 1
  entry_amount: "100"
  input_channel: "0"
}
entries {
  selected_number: "7"
  bet_option: 1
  total_bets: 1
  entry_amount: "100"
  input_channel: "0"
}
entries {
  selected_number: "8"
  bet_option: 1
  total_bets: 1
  entry_amount: "100"
  input_channel: "0"
}

[2015-05-29 17:13:35,407][Test worker][DEBUG][CommonFacadeService] Publish message successfully
[2015-05-29 17:13:35,407][Test worker][DEBUG][MLotteryContext] find mapping file definition(xml-mapping/game/magic100/SellTicket_Res.xml) by key(18.transtype.4200).
[2015-05-29 17:13:35,407][Test worker][DEBUG][ProtocolSerializer] Start to serialize model(class com.mpos.lottery.te.gameimpl.magic100.sale.Magic100Ticket),mappingFile=xml-mapping/game/magic100/SellTicket_Res.xml
[2015-05-29 17:13:35,407][Test worker][DEBUG][MLotteryContext] find mapping file definition(xml-mapping/game/magic100/SellTicket_Res.xml) by key(18.transtype.4200).
[2015-05-29 17:13:35,408][Test worker][DEBUG][CastorHelper] Finish marshaling input(typeclass com.mpos.lottery.te.gameimpl.magic100.sale.Magic100Ticket, mappingFile=xml-mapping/game/magic100/SellTicket_Res.xml).
[2015-05-29 17:13:35,408][Test worker][DEBUG][ProtocolSerializer] Finish mac(macKey=P2Bbo6+bSSR9O2Qc89f3b4oHTyE1V2gF,macString=Protocal-Version:1.5|GPE_Id:GPE-111|Terminal-Id:111|Operator-Id:OPERATOR-111|Trans-BatchNumber:20150529|TractMsg-Id:1432890815336|Timestamp:20150529171335|Transaction-Type:4200|Transaction-Id:0115052900000000001804|Response-Code:200|<?xml version="1.0" encoding="UTF-8"?>
<Ticket serialNo="01111745819300014073" barcode="18cK/u9hwZY2Rogq4k24Oeg4G3HSlAl9EbjLdf+UJJlt9Se2CWmp8xas1YeK2m7FOQfsbUIXD22Vg=" validationCode="722081" type="1" multipleDraws="1" lastDrawNo="001" totalBets="3" totalAmount="300.00" isWinning="1"><GameDraw number="001" gameId="LK-1"/><Entry selectedNumber="6" betOption="1" inputChannel="0" isWinning="0" prizeAmount="0" taxAmount="0" entryAmount="100"/><Entry selectedNumber="7" betOption="1" inputChannel="0" isWinning="0" prizeAmount="0" taxAmount="0" entryAmount="100"/><Entry selectedNumber="8" betOption="1" inputChannel="0" isWinning="1" prizeAmount="1000" taxAmount="0" entryAmount="100"/></Ticket>):0210c80171fee0ba9326c9c69b5f5045
[2015-05-29 17:13:35,408][Test worker][DEBUG][TEPortServlet] Write response to client(host1=localhost,sizeOfPack=928) succesfully.
[2015-05-29 17:13:35,408][Test worker][DEBUG][BaseServletIntegrationTest] Got response(code=200,length=928): <?xml version="1.0" encoding="UTF-8"?>
<Ticket serialNo="01111745819300014073" barcode="18cK/u9hwZY2Rogq4k24Oeg4G3HSlAl9EbjLdf+UJJlt9Se2CWmp8xas1YeK2m7FOQfsbUIXD22Vg=" validationCode="722081" type="1" multipleDraws="1" lastDrawNo="001" totalBets="3" totalAmount="300.00" isWinning="1"><GameDraw number="001" gameId="LK-1"/><Entry selectedNumber="6" betOption="1" inputChannel="0" isWinning="0" prizeAmount="0" taxAmount="0" entryAmount="100"/><Entry selectedNumber="7" betOption="1" inputChannel="0" isWinning="0" prizeAmount="0" taxAmount="0" entryAmount="100"/><Entry selectedNumber="8" betOption="1" inputChannel="0" isWinning="1" prizeAmount="1000" taxAmount="0" entryAmount="100"/></Ticket>
[2015-05-29 17:13:35,409][Test worker][DEBUG][MLotteryContext] find mapping file definition(xml-mapping/game/magic100/SellTicket_Res.xml) by key(18.transtype.4200).
[2015-05-29 17:13:35,413][Test worker][DEBUG][MLotteryContext] find mapping file definition(xml-mapping/game/magic100/CancelTicket_Req.xml) by key(18.transtype.201).
[2015-05-29 17:13:35,413][Test worker][DEBUG][CastorHelper] Finish marshaling input(typeclass com.mpos.lottery.te.gameimpl.magic100.sale.Magic100Ticket, mappingFile=xml-mapping/game/magic100/CancelTicket_Req.xml).
[2015-05-29 17:13:35,413][Test worker][DEBUG][BaseServletIntegrationTest] Do MAC(key=P2Bbo6+bSSR9O2Qc89f3b4oHTyE1V2gF) on (Protocal-Version:1.5|GPE_Id:GPE-111|Terminal-Id:111|Operator-Id:OPERATOR-111|Trans-BatchNumber:20150529|TractMsg-Id:1432890815413|Timestamp:20150529171335|Transaction-Type:201|Transaction-Id:|Response-Code:|<?xml version="1.0" encoding="UTF-8"?>
<Ticket serialNo="01111745819300014073" barcode="18cK/u9hwZY2Rogq4k24Oeg4G3HSlAl9EbjLdf+UJJlt9Se2CWmp8xas1YeK2m7FOQfsbUIXD22Vg=" isMannul="1"/>,hash=-1767974225), get digest:65d7f5a8b4b992e842dad7ab6a9ab34c
[2015-05-29 17:13:35,414][Test worker][DEBUG][TEPortServlet] Got request header(name=X-Transaction-Type, value=201).
[2015-05-29 17:13:35,414][Test worker][DEBUG][TEPortServlet] Got request header(name=X-Protocal-Version, value=1.5).
[2015-05-29 17:13:35,414][Test worker][DEBUG][TEPortServlet] Got request header(name=X-Timestamp, value=20150529171335).
[2015-05-29 17:13:35,414][Test worker][DEBUG][TEPortServlet] Got request header(name=X-GPE-Id, value=GPE-111).
[2015-05-29 17:13:35,414][Test worker][DEBUG][TEPortServlet] Got request header(name=X-Trace-Message-Id, value=1432890815413).
[2015-05-29 17:13:35,414][Test worker][DEBUG][TEPortServlet] Got request header(name=X-Operator-Id, value=OPERATOR-111).
[2015-05-29 17:13:35,414][Test worker][DEBUG][TEPortServlet] Got request header(name=X-Terminal-Id, value=111).
[2015-05-29 17:13:35,414][Test worker][DEBUG][TEPortServlet] Got request header(name=X-MAC, value=65d7f5a8b4b992e842dad7ab6a9ab34c).
[2015-05-29 17:13:35,414][Test worker][DEBUG][TEPortServlet] Got request header(name=X-Game-Type-Id, value=18).
[2015-05-29 17:13:35,414][Test worker][DEBUG][TEPortServlet] Got request header(name=X-Trans-BatchNumber, value=20150529).
[2015-05-29 17:13:35,414][Test worker][DEBUG][TEPortServlet] Got request header(name=X-GPS-Location, value=40.714353,-74.005973).
[2015-05-29 17:13:35,415][Test worker][DEBUG][TEPortServlet] Got request from localhost, and the message body is:pq3FqO8HCcAnaobA+xpVnADmrnwj1vrK59BGhqvtskYFWTsa2cbe6ttFDFcpmi1MamgAomcAmY77ZmH0pucSJgbfWsiX7V3qTPF9RPvJpgUCG3QLYxdVpla7xhMPUMeaxJgj8xhKSIhKi1rO7i56Gpqv4KsyhkI9njRiBDNXRsnBCoY6s58q5SsTwjzf4KF+b0cAawIjhMLV/0HurV28vl1ERYI0OjYDkjDLPxnxzEo1TndDa1Nxbw==.
[2015-05-29 17:13:35,415][Test worker][DEBUG][ProtocolSerializer] Start to deserialize request context(Protocal-Version:1.5|GPE_Id:GPE-111|Terminal-Id:111|Operator-Id:OPERATOR-111|Trans-BatchNumber:20150529|TractMsg-Id:1432890815413|Timestamp:20150529171335|Transaction-Type:201|Transaction-Id:|Response-Code:|).
[2015-05-29 17:13:35,415][Test worker][DEBUG][ProtocolSerializer] Finish decrypting cipher into original xml:<?xml version="1.0" encoding="UTF-8"?>
<Ticket serialNo="01111745819300014073" barcode="18cK/u9hwZY2Rogq4k24Oeg4G3HSlAl9EbjLdf+UJJlt9Se2CWmp8xas1YeK2m7FOQfsbUIXD22Vg=" isMannul="1"/>
[2015-05-29 17:13:35,416][Test worker][DEBUG][ProtocolSerializer] Start to do MAC(key=P2Bbo6+bSSR9O2Qc89f3b4oHTyE1V2gF) on (Protocal-Version:1.5|GPE_Id:GPE-111|Terminal-Id:111|Operator-Id:OPERATOR-111|Trans-BatchNumber:20150529|TractMsg-Id:1432890815413|Timestamp:20150529171335|Transaction-Type:201|Transaction-Id:|Response-Code:|<?xml version="1.0" encoding="UTF-8"?>
<Ticket serialNo="01111745819300014073" barcode="18cK/u9hwZY2Rogq4k24Oeg4G3HSlAl9EbjLdf+UJJlt9Se2CWmp8xas1YeK2m7FOQfsbUIXD22Vg=" isMannul="1"/>,hash=-1767974225), get digest:65d7f5a8b4b992e842dad7ab6a9ab34c
[2015-05-29 17:13:35,416][Test worker][DEBUG][MLotteryContext] find mapping file definition(xml-mapping/game/magic100/CancelTicket_Req.xml) by key(18.transtype.201).
[2015-05-29 17:13:35,416][Test worker][DEBUG][ProtocolSerializer] Start to deserialize model: model=null,mappingFile=xml-mapping/game/magic100/CancelTicket_Req.xml
[2015-05-29 17:13:35,416][Test worker][DEBUG][MLotteryContext] find mapping file definition(xml-mapping/game/magic100/CancelTicket_Req.xml) by key(18.transtype.201).
[2015-05-29 17:13:35,430][Test worker][DEBUG][RoutineRegistry] Try to lookup handler by routine key(18_201_1.5.0).
[2015-05-29 17:13:35,430][Test worker][DEBUG][RoutineRegistry] Try to lookup handler by routine key(18_201_).
[2015-05-29 17:13:35,430][Test worker][DEBUG][RoutineRegistry] Lookup controller by key(18_201_), found controller(com.mpos.lottery.te.gameimpl.magic100.Magic100Controller@7081c100) and method(public void com.mpos.lottery.te.gameimpl.magic100.Magic100Controller.cancelByTicket(com.mpos.lottery.te.port.Context,com.mpos.lottery.te.port.Context) throws com.mpos.lottery.te.config.exception.ApplicationException).
[2015-05-29 17:13:35,435][Test worker][DEBUG][ReversalOrCancelStrategyFactory] Found ReversalStrategy(class com.mpos.lottery.te.gameimpl.magic100.sale.service.Magic100SaleService) to cancel transaction(gameType=18,terminalId=111,transType=200,protocolVersion=1.5.0).
[2015-05-29 17:13:35,448][Test worker][DEBUG][DefaultBalanceService] Operator before transaction -  Operator [id=OPERATOR-111, loginName=OPERATOR-LOGIN, creditType=1, saleCreditLevel=199999700, payoutCreditLevel=2000, cashoutBalance=0, commisionBalance=230]
[2015-05-29 17:13:35,448][Test worker][DEBUG][DefaultBalanceService] Found balance strategy:com.mpos.lottery.te.merchant.service.balance.SaleBalanceStrategy@e1f8aba
[2015-05-29 17:13:35,448][Test worker][DEBUG][DefaultBalanceService] Operator after transaction -  Operator [id=OPERATOR-111, loginName=OPERATOR-LOGIN, creditType=1, saleCreditLevel=200000000, payoutCreditLevel=2000, cashoutBalance=0, commisionBalance=230]
[2015-05-29 17:13:35,478][Test worker][DEBUG][DefaultBalanceService] Operator before transaction -  Operator [id=OPERATOR-111, loginName=OPERATOR-LOGIN, creditType=1, saleCreditLevel=200000000, payoutCreditLevel=2000, cashoutBalance=0, commisionBalance=0]
[2015-05-29 17:13:35,478][Test worker][DEBUG][DefaultBalanceService] Found balance strategy:com.mpos.lottery.te.merchant.service.balance.PayoutBalanceStrategy@57df81d2
[2015-05-29 17:13:35,478][Test worker][DEBUG][DefaultBalanceService] Operator after transaction -  Operator [id=OPERATOR-111, loginName=OPERATOR-LOGIN, creditType=1, saleCreditLevel=200000000, payoutCreditLevel=1000, cashoutBalance=0, commisionBalance=0]
[2015-05-29 17:13:35,483][Test worker][DEBUG][CommonFacadeService] Prepare to publish message to exchange[TE.200] with routing key[TE.CANCEL.200.18]: origTrans {
  id: "0115052900000000001804"
  dev_id: "111"
  operator_id: "OPERATOR-111"
  merchant_id: "111"
  create_time: 1432890815000
  trans_type: 200
  game_id: "LK-1"
  game_type: 18
  total_amount: "300"
}
cancelTrans {
  id: "0115052900000000001810"
  dev_id: "111"
  operator_id: "OPERATOR-111"
  merchant_id: "111"
  create_time: 1432890815000
  trans_type: 210
  game_id: "LK-1"
  game_type: 18
  total_amount: "300"
}

[2015-05-29 17:13:35,483][Test worker][DEBUG][CommonFacadeService] Publish message successfully
[2015-05-29 17:13:35,483][Test worker][DEBUG][ProtocolSerializer] Finish mac(macKey=P2Bbo6+bSSR9O2Qc89f3b4oHTyE1V2gF,macString=Protocal-Version:1.5|GPE_Id:GPE-111|Terminal-Id:111|Operator-Id:OPERATOR-111|Trans-BatchNumber:20150529|TractMsg-Id:1432890815413|Timestamp:20150529171335|Transaction-Type:4201|Transaction-Id:0115052900000000001810|Response-Code:200|):15a240eab94e6904f8906228bd1e4a1b
[2015-05-29 17:13:35,484][Test worker][DEBUG][BaseServletIntegrationTest] Got response(code=200,length=0): 
]]></system-out>
  <system-err><![CDATA[]]></system-err>
</testsuite>
